Watching for file changes with StatReloader
C:\Users\volch\Desktop\djangoFrameWork\project\myproject\myapp\views.py changed, reloading.
Watching for file changes with StatReloader
C:\Users\volch\Desktop\djangoFrameWork\project\myproject\myapp\views.py changed, reloading.
Watching for file changes with StatReloader
C:\Users\volch\Desktop\djangoFrameWork\project\myproject\myapp\views.py changed, reloading.
Watching for file changes with StatReloader
C:\Users\volch\Desktop\djangoFrameWork\project\myproject\myapp\views.py changed, reloading.
Watching for file changes with StatReloader
C:\Users\volch\Desktop\djangoFrameWork\project\myproject\myapp\views.py changed, reloading.
Watching for file changes with StatReloader
C:\Users\volch\Desktop\djangoFrameWork\project\myproject\myapp\views.py changed, reloading.
Watching for file changes with StatReloader
C:\Users\volch\Desktop\djangoFrameWork\project\myproject\myapp\views.py changed, reloading.
Watching for file changes with StatReloader
C:\Users\volch\Desktop\djangoFrameWork\project\myproject\myapp\views.py changed, reloading.
Watching for file changes with StatReloader
C:\Users\volch\Desktop\djangoFrameWork\project\myproject\myapp\views.py changed, reloading.
Watching for file changes with StatReloader
Watching for file changes with StatReloader
Not Found: /
"GET / HTTP/1.1" 404 2169
Not Found: /
"GET / HTTP/1.1" 404 2169
"GET /prefix/ HTTP/1.1" 200 13
"GET /prefix/ HTTP/1.1" 200 13
"GET /prefix/about/ HTTP/1.1" 200 27
C:\Users\volch\Desktop\djangoFrameWork\project\myproject\myproject\settings.py changed, reloading.
Watching for file changes with StatReloader
C:\Users\volch\Desktop\djangoFrameWork\project\myproject\myproject\settings.py changed, reloading.
Watching for file changes with StatReloader
C:\Users\volch\Desktop\djangoFrameWork\project\myproject\myproject\settings.py changed, reloading.
Watching for file changes with StatReloader
C:\Users\volch\Desktop\djangoFrameWork\project\myproject\myproject\settings.py changed, reloading.
INFO 2024-06-17 00:52:29,844 autoreload 28888 29264 Watching for file changes with StatReloader
INFO 2024-06-17 00:53:02,535 autoreload 28924 32784 Watching for file changes with StatReloader
WARNING 2024-06-17 00:53:07,245 log 28924 18748 Not Found: /
WARNING 2024-06-17 00:53:07,246 basehttp 28924 18748 "GET / HTTP/1.1" 404 2169
WARNING 2024-06-17 00:53:09,570 log 28924 18748 Not Found: /
WARNING 2024-06-17 00:53:09,571 basehttp 28924 18748 "GET / HTTP/1.1" 404 2169
INFO 2024-06-17 00:53:15,909 basehttp 28924 18748 "GET /prefix/about/ HTTP/1.1" 200 27
INFO 2024-06-17 00:53:21,283 basehttp 28924 18748 "GET /prefix/ HTTP/1.1" 200 13
INFO 2024-06-17 00:56:34,601 autoreload 28924 32784 C:\Users\volch\Desktop\djangoFrameWork\project\myproject\myapp\views.py changed, reloading.
INFO 2024-06-17 00:56:35,172 autoreload 20352 22536 Watching for file changes with StatReloader
INFO 2024-06-17 01:08:35,219 autoreload 32656 25008 Watching for file changes with StatReloader
WARNING 2024-06-17 01:08:38,044 log 32656 27700 Not Found: /
WARNING 2024-06-17 01:08:38,049 basehttp 32656 27700 "GET / HTTP/1.1" 404 2169
INFO 2024-06-17 01:08:46,690 basehttp 32656 27700 "GET /prefix/about/ HTTP/1.1" 200 27
INFO 2024-06-17 01:08:50,519 basehttp 32656 27700 "GET /prefix/ HTTP/1.1" 200 380
INFO 2024-06-17 01:12:43,323 autoreload 32656 25008 C:\Users\volch\Desktop\djangoFrameWork\project\myproject\myapp\views.py changed, reloading.
INFO 2024-06-17 01:12:43,938 autoreload 24736 1968 Watching for file changes with StatReloader
INFO 2024-06-17 01:12:45,376 autoreload 24736 1968 C:\Users\volch\Desktop\djangoFrameWork\project\myproject\myapp\views.py changed, reloading.
INFO 2024-06-17 01:12:45,892 autoreload 28736 21508 Watching for file changes with StatReloader
INFO 2024-06-17 01:12:52,406 autoreload 28736 21508 C:\Users\volch\Desktop\djangoFrameWork\project\myproject\myapp\views.py changed, reloading.
INFO 2024-06-17 01:12:52,975 autoreload 31368 25796 Watching for file changes with StatReloader
INFO 2024-06-17 01:12:58,472 autoreload 31368 25796 C:\Users\volch\Desktop\djangoFrameWork\project\myproject\myapp\views.py changed, reloading.
INFO 2024-06-17 01:12:59,029 autoreload 15296 28888 Watching for file changes with StatReloader
INFO 2024-06-17 01:13:06,571 autoreload 15296 28888 C:\Users\volch\Desktop\djangoFrameWork\project\myproject\myapp\views.py changed, reloading.
INFO 2024-06-17 01:13:07,141 autoreload 15332 9824 Watching for file changes with StatReloader
INFO 2024-06-17 01:13:14,723 autoreload 15332 9824 C:\Users\volch\Desktop\djangoFrameWork\project\myproject\myapp\views.py changed, reloading.
INFO 2024-06-17 01:13:15,284 autoreload 15904 18748 Watching for file changes with StatReloader
INFO 2024-06-17 01:13:17,742 autoreload 15904 18748 C:\Users\volch\Desktop\djangoFrameWork\project\myproject\myapp\views.py changed, reloading.
INFO 2024-06-17 01:13:18,256 autoreload 24736 21516 Watching for file changes with StatReloader
INFO 2024-06-17 01:13:19,673 autoreload 24736 21516 C:\Users\volch\Desktop\djangoFrameWork\project\myproject\myapp\views.py changed, reloading.
INFO 2024-06-17 01:13:20,209 autoreload 1408 33040 Watching for file changes with StatReloader
INFO 2024-06-17 01:13:21,599 autoreload 1408 33040 C:\Users\volch\Desktop\djangoFrameWork\project\myproject\myapp\views.py changed, reloading.
INFO 2024-06-17 01:13:22,104 autoreload 29956 25144 Watching for file changes with StatReloader
INFO 2024-06-17 01:13:25,589 autoreload 29956 25144 C:\Users\volch\Desktop\djangoFrameWork\project\myproject\myapp\views.py changed, reloading.
INFO 2024-06-17 01:13:26,104 autoreload 13660 27404 Watching for file changes with StatReloader
INFO 2024-06-17 01:13:28,533 autoreload 13660 27404 C:\Users\volch\Desktop\djangoFrameWork\project\myproject\myapp\views.py changed, reloading.
INFO 2024-06-17 01:13:29,092 autoreload 9452 16492 Watching for file changes with StatReloader
INFO 2024-06-17 01:13:33,545 autoreload 9452 16492 C:\Users\volch\Desktop\djangoFrameWork\project\myproject\myapp\views.py changed, reloading.
INFO 2024-06-17 01:13:34,120 autoreload 17204 28688 Watching for file changes with StatReloader
INFO 2024-06-17 01:13:38,353 basehttp 17204 20788 "GET /prefix/ HTTP/1.1" 200 380
INFO 2024-06-17 01:13:44,964 basehttp 17204 20788 "GET /prefix/about/ HTTP/1.1" 200 552
INFO 2024-06-20 13:42:32,475 autoreload 14072 3436 Watching for file changes with StatReloader
WARNING 2024-06-20 13:42:37,012 log 14072 13432 Not Found: /
WARNING 2024-06-20 13:42:37,013 basehttp 14072 13432 "GET / HTTP/1.1" 404 2169
WARNING 2024-06-20 13:42:37,081 log 14072 13432 Not Found: /favicon.ico
WARNING 2024-06-20 13:42:37,082 basehttp 14072 13432 "GET /favicon.ico HTTP/1.1" 404 2220
WARNING 2024-06-20 13:42:40,260 log 14072 13432 Not Found: /
WARNING 2024-06-20 13:42:40,260 basehttp 14072 13432 "GET / HTTP/1.1" 404 2169
INFO 2024-06-20 13:42:48,619 basehttp 14072 13432 "GET /prefix/about/ HTTP/1.1" 200 552
INFO 2024-06-20 14:55:21,589 basehttp 14072 14432 "GET /admin/ HTTP/1.1" 302 0
INFO 2024-06-20 14:55:21,635 basehttp 14072 14432 "GET /admin/login/?next=/admin/ HTTP/1.1" 200 4158
INFO 2024-06-20 14:55:21,852 basehttp 14072 9680 "GET /static/admin/css/login.css HTTP/1.1" 200 958
INFO 2024-06-20 14:55:21,854 basehttp 14072 9680 "GET /static/admin/js/nav_sidebar.js HTTP/1.1" 200 3063
INFO 2024-06-20 14:55:21,913 basehttp 14072 11020 "GET /static/admin/css/nav_sidebar.css HTTP/1.1" 200 2810
INFO 2024-06-20 14:55:21,968 basehttp 14072 19052 "GET /static/admin/css/dark_mode.css HTTP/1.1" 200 2682
INFO 2024-06-20 14:55:22,021 basehttp 14072 8 "GET /static/admin/js/theme.js HTTP/1.1" 200 1943
INFO 2024-06-20 14:55:22,026 basehttp 14072 14432 "GET /static/admin/css/base.css HTTP/1.1" 200 21544
INFO 2024-06-20 14:55:22,048 basehttp 14072 13864 "GET /static/admin/css/responsive.css HTTP/1.1" 200 17905
INFO 2024-06-20 19:14:52,992 autoreload 20984 20148 Watching for file changes with StatReloader
INFO 2024-06-20 19:17:24,854 autoreload 14316 20332 Watching for file changes with StatReloader
WARNING 2024-06-20 19:17:28,712 log 14316 20816 Not Found: /
WARNING 2024-06-20 19:17:28,712 basehttp 14316 20816 "GET / HTTP/1.1" 404 2169
INFO 2024-06-20 19:22:08,080 autoreload 8120 2720 Watching for file changes with StatReloader
INFO 2024-06-23 22:45:45,368 autoreload 18932 21880 Watching for file changes with StatReloader
WARNING 2024-06-23 22:45:53,606 log 18932 9044 Not Found: /
WARNING 2024-06-23 22:45:53,611 basehttp 18932 9044 "GET / HTTP/1.1" 404 2274
WARNING 2024-06-23 22:45:53,760 log 18932 9044 Not Found: /favicon.ico
WARNING 2024-06-23 22:45:53,761 basehttp 18932 9044 "GET /favicon.ico HTTP/1.1" 404 2325
WARNING 2024-06-23 22:46:34,098 log 18932 9044 Not Found: /les3
WARNING 2024-06-23 22:46:34,098 basehttp 18932 9044 "GET /les3 HTTP/1.1" 404 2304
INFO 2024-06-23 22:46:59,473 basehttp 18932 9044 "GET /les3/hello HTTP/1.1" 301 0
INFO 2024-06-23 22:46:59,479 basehttp 18932 10572 "GET /les3/hello/ HTTP/1.1" 200 27
INFO 2024-06-23 22:47:10,391 basehttp 18932 10572 "GET /les3/hello2/ HTTP/1.1" 200 23
INFO 2024-06-23 22:51:24,387 autoreload 18932 21880 C:\Users\volch\Desktop\djangoFrameWork\project\myproject\myapp3\urls.py changed, reloading.
INFO 2024-06-23 22:51:25,661 autoreload 22264 21528 Watching for file changes with StatReloader
INFO 2024-06-23 22:51:33,027 autoreload 22264 21528 C:\Users\volch\Desktop\djangoFrameWork\project\myproject\myapp3\urls.py changed, reloading.
INFO 2024-06-23 22:51:33,976 autoreload 23996 23556 Watching for file changes with StatReloader
INFO 2024-06-23 22:51:38,355 autoreload 23996 23556 C:\Users\volch\Desktop\djangoFrameWork\project\myproject\myapp3\urls.py changed, reloading.
INFO 2024-06-23 22:51:39,675 autoreload 8176 1872 Watching for file changes with StatReloader
INFO 2024-06-23 22:51:48,204 autoreload 8176 1872 C:\Users\volch\Desktop\djangoFrameWork\project\myproject\myapp3\urls.py changed, reloading.
INFO 2024-06-23 22:51:50,399 autoreload 22268 23828 Watching for file changes with StatReloader
INFO 2024-06-23 22:51:53,476 autoreload 22268 23828 C:\Users\volch\Desktop\djangoFrameWork\project\myproject\myapp3\urls.py changed, reloading.
INFO 2024-06-23 22:51:55,185 autoreload 8904 5908 Watching for file changes with StatReloader
INFO 2024-06-23 22:56:06,345 autoreload 8904 5908 C:\Users\volch\Desktop\djangoFrameWork\project\myproject\myapp3\views.py changed, reloading.
INFO 2024-06-23 22:56:08,589 autoreload 5040 1812 Watching for file changes with StatReloader
INFO 2024-06-23 22:56:40,980 autoreload 5040 1812 C:\Users\volch\Desktop\djangoFrameWork\project\myproject\myapp3\views.py changed, reloading.
INFO 2024-06-23 22:56:42,712 autoreload 9836 7716 Watching for file changes with StatReloader
INFO 2024-06-23 22:56:47,176 autoreload 9836 7716 C:\Users\volch\Desktop\djangoFrameWork\project\myproject\myapp3\views.py changed, reloading.
INFO 2024-06-23 22:56:48,578 autoreload 19592 22236 Watching for file changes with StatReloader
INFO 2024-06-23 22:56:51,347 autoreload 19592 22236 C:\Users\volch\Desktop\djangoFrameWork\project\myproject\myapp3\views.py changed, reloading.
INFO 2024-06-23 22:56:52,619 autoreload 24536 15828 Watching for file changes with StatReloader
INFO 2024-06-23 22:56:57,828 autoreload 24536 15828 C:\Users\volch\Desktop\djangoFrameWork\project\myproject\myapp3\views.py changed, reloading.
INFO 2024-06-23 22:56:59,166 autoreload 2100 2992 Watching for file changes with StatReloader
INFO 2024-06-23 22:57:03,143 autoreload 2100 2992 C:\Users\volch\Desktop\djangoFrameWork\project\myproject\myapp3\views.py changed, reloading.
INFO 2024-06-23 22:57:04,417 autoreload 17032 11340 Watching for file changes with StatReloader
INFO 2024-06-23 22:57:07,227 autoreload 17032 11340 C:\Users\volch\Desktop\djangoFrameWork\project\myproject\myapp3\views.py changed, reloading.
INFO 2024-06-23 22:57:08,617 autoreload 9392 18500 Watching for file changes with StatReloader
INFO 2024-06-23 22:57:10,579 autoreload 9392 18500 C:\Users\volch\Desktop\djangoFrameWork\project\myproject\myapp3\views.py changed, reloading.
INFO 2024-06-23 22:57:11,795 autoreload 22484 12116 Watching for file changes with StatReloader
INFO 2024-06-23 22:57:15,013 autoreload 22484 12116 C:\Users\volch\Desktop\djangoFrameWork\project\myproject\myapp3\views.py changed, reloading.
INFO 2024-06-23 22:57:16,187 autoreload 14792 21444 Watching for file changes with StatReloader
INFO 2024-06-23 22:57:18,166 autoreload 14792 21444 C:\Users\volch\Desktop\djangoFrameWork\project\myproject\myapp3\views.py changed, reloading.
INFO 2024-06-23 22:57:19,444 autoreload 23120 3820 Watching for file changes with StatReloader
INFO 2024-06-23 22:57:22,755 autoreload 23120 3820 C:\Users\volch\Desktop\djangoFrameWork\project\myproject\myapp3\views.py changed, reloading.
INFO 2024-06-23 22:57:23,779 autoreload 5776 24520 Watching for file changes with StatReloader
INFO 2024-06-23 22:57:27,933 autoreload 5776 24520 C:\Users\volch\Desktop\djangoFrameWork\project\myproject\myapp3\views.py changed, reloading.
INFO 2024-06-23 22:57:29,274 autoreload 12908 15372 Watching for file changes with StatReloader
INFO 2024-06-23 22:57:31,695 autoreload 12908 15372 C:\Users\volch\Desktop\djangoFrameWork\project\myproject\myapp3\views.py changed, reloading.
INFO 2024-06-23 22:57:32,981 autoreload 17740 7208 Watching for file changes with StatReloader
INFO 2024-06-23 22:57:35,076 autoreload 17740 7208 C:\Users\volch\Desktop\djangoFrameWork\project\myproject\myapp3\views.py changed, reloading.
INFO 2024-06-23 22:57:36,180 autoreload 18252 17092 Watching for file changes with StatReloader
INFO 2024-06-23 22:57:39,271 autoreload 18252 17092 C:\Users\volch\Desktop\djangoFrameWork\project\myproject\myapp3\views.py changed, reloading.
INFO 2024-06-23 22:57:40,737 autoreload 12948 12408 Watching for file changes with StatReloader
INFO 2024-06-23 22:57:45,095 autoreload 12948 12408 C:\Users\volch\Desktop\djangoFrameWork\project\myproject\myapp3\views.py changed, reloading.
INFO 2024-06-23 22:57:46,973 autoreload 5116 18644 Watching for file changes with StatReloader
INFO 2024-06-23 22:57:54,637 autoreload 5116 18644 C:\Users\volch\Desktop\djangoFrameWork\project\myproject\myapp3\views.py changed, reloading.
INFO 2024-06-23 22:57:56,737 autoreload 17532 8620 Watching for file changes with StatReloader
INFO 2024-06-23 22:58:02,248 autoreload 17532 8620 C:\Users\volch\Desktop\djangoFrameWork\project\myproject\myapp3\views.py changed, reloading.
INFO 2024-06-23 22:58:03,503 autoreload 9392 23524 Watching for file changes with StatReloader
INFO 2024-06-23 22:58:08,920 autoreload 9392 23524 C:\Users\volch\Desktop\djangoFrameWork\project\myproject\myapp3\views.py changed, reloading.
INFO 2024-06-23 22:58:10,307 autoreload 12888 17040 Watching for file changes with StatReloader
INFO 2024-06-23 22:58:12,096 autoreload 12888 17040 C:\Users\volch\Desktop\djangoFrameWork\project\myproject\myapp3\views.py changed, reloading.
INFO 2024-06-23 22:58:13,044 autoreload 1472 2440 Watching for file changes with StatReloader
INFO 2024-06-23 22:58:15,215 autoreload 1472 2440 C:\Users\volch\Desktop\djangoFrameWork\project\myproject\myapp3\views.py changed, reloading.
INFO 2024-06-23 22:58:16,934 autoreload 11436 18960 Watching for file changes with StatReloader
INFO 2024-06-23 22:58:21,244 autoreload 11436 18960 C:\Users\volch\Desktop\djangoFrameWork\project\myproject\myapp3\views.py changed, reloading.
INFO 2024-06-23 22:58:22,949 autoreload 22704 16212 Watching for file changes with StatReloader
INFO 2024-06-23 22:58:27,258 autoreload 22704 16212 C:\Users\volch\Desktop\djangoFrameWork\project\myproject\myapp3\views.py changed, reloading.
INFO 2024-06-23 22:58:28,780 autoreload 17740 18348 Watching for file changes with StatReloader
INFO 2024-06-23 22:58:35,469 autoreload 17740 18348 C:\Users\volch\Desktop\djangoFrameWork\project\myproject\myapp3\views.py changed, reloading.
INFO 2024-06-23 22:58:36,801 autoreload 12948 16148 Watching for file changes with StatReloader
INFO 2024-06-23 22:58:41,211 autoreload 12948 16148 C:\Users\volch\Desktop\djangoFrameWork\project\myproject\myapp3\views.py changed, reloading.
INFO 2024-06-23 22:58:42,774 autoreload 15884 22732 Watching for file changes with StatReloader
INFO 2024-06-23 22:58:45,857 autoreload 15884 22732 C:\Users\volch\Desktop\djangoFrameWork\project\myproject\myapp3\views.py changed, reloading.
INFO 2024-06-23 22:58:47,141 autoreload 11340 20120 Watching for file changes with StatReloader
INFO 2024-06-23 22:58:51,248 autoreload 11340 20120 C:\Users\volch\Desktop\djangoFrameWork\project\myproject\myapp3\views.py changed, reloading.
INFO 2024-06-23 22:58:52,834 autoreload 784 1432 Watching for file changes with StatReloader
INFO 2024-06-23 22:58:57,072 autoreload 784 1432 C:\Users\volch\Desktop\djangoFrameWork\project\myproject\myapp3\views.py changed, reloading.
INFO 2024-06-23 22:58:58,748 autoreload 3896 23524 Watching for file changes with StatReloader
INFO 2024-06-23 22:59:04,196 autoreload 3896 23524 C:\Users\volch\Desktop\djangoFrameWork\project\myproject\myapp3\views.py changed, reloading.
INFO 2024-06-23 22:59:05,940 autoreload 8732 16232 Watching for file changes with StatReloader
INFO 2024-06-23 22:59:08,013 autoreload 8732 16232 C:\Users\volch\Desktop\djangoFrameWork\project\myproject\myapp3\views.py changed, reloading.
INFO 2024-06-23 22:59:09,394 autoreload 7652 11288 Watching for file changes with StatReloader
INFO 2024-06-23 22:59:16,713 autoreload 7652 11288 C:\Users\volch\Desktop\djangoFrameWork\project\myproject\myapp3\views.py changed, reloading.
INFO 2024-06-23 22:59:18,029 autoreload 8384 7492 Watching for file changes with StatReloader
INFO 2024-06-23 22:59:20,301 autoreload 8384 7492 C:\Users\volch\Desktop\djangoFrameWork\project\myproject\myapp3\views.py changed, reloading.
INFO 2024-06-23 22:59:21,678 autoreload 7516 12860 Watching for file changes with StatReloader
INFO 2024-06-23 22:59:25,915 autoreload 7516 12860 C:\Users\volch\Desktop\djangoFrameWork\project\myproject\myapp3\views.py changed, reloading.
INFO 2024-06-23 22:59:27,279 autoreload 15428 12064 Watching for file changes with StatReloader
INFO 2024-06-23 22:59:31,304 autoreload 15428 12064 C:\Users\volch\Desktop\djangoFrameWork\project\myproject\myapp3\views.py changed, reloading.
INFO 2024-06-23 22:59:32,694 autoreload 16344 3128 Watching for file changes with StatReloader
INFO 2024-06-23 22:59:34,495 autoreload 16344 3128 C:\Users\volch\Desktop\djangoFrameWork\project\myproject\myapp3\views.py changed, reloading.
INFO 2024-06-23 22:59:35,648 autoreload 12068 15792 Watching for file changes with StatReloader
INFO 2024-06-23 22:59:41,030 autoreload 12068 15792 C:\Users\volch\Desktop\djangoFrameWork\project\myproject\myapp3\views.py changed, reloading.
INFO 2024-06-23 22:59:42,872 autoreload 13804 7640 Watching for file changes with StatReloader
INFO 2024-06-23 22:59:48,324 autoreload 13804 7640 C:\Users\volch\Desktop\djangoFrameWork\project\myproject\myapp3\views.py changed, reloading.
INFO 2024-06-23 22:59:50,659 autoreload 5648 20116 Watching for file changes with StatReloader
INFO 2024-06-23 22:59:53,265 autoreload 5648 20116 C:\Users\volch\Desktop\djangoFrameWork\project\myproject\myapp3\views.py changed, reloading.
INFO 2024-06-23 22:59:54,678 autoreload 14712 22440 Watching for file changes with StatReloader
INFO 2024-06-23 22:59:56,995 autoreload 14712 22440 C:\Users\volch\Desktop\djangoFrameWork\project\myproject\myapp3\views.py changed, reloading.
INFO 2024-06-23 22:59:58,845 autoreload 22400 17712 Watching for file changes with StatReloader
INFO 2024-06-23 23:00:06,134 autoreload 22400 17712 C:\Users\volch\Desktop\djangoFrameWork\project\myproject\myapp3\views.py changed, reloading.
INFO 2024-06-23 23:00:07,508 autoreload 20612 11532 Watching for file changes with StatReloader
INFO 2024-06-23 23:00:09,804 autoreload 20612 11532 C:\Users\volch\Desktop\djangoFrameWork\project\myproject\myapp3\views.py changed, reloading.
INFO 2024-06-23 23:00:11,120 autoreload 5064 21148 Watching for file changes with StatReloader
INFO 2024-06-23 23:00:14,113 autoreload 5064 21148 C:\Users\volch\Desktop\djangoFrameWork\project\myproject\myapp3\views.py changed, reloading.
INFO 2024-06-23 23:00:15,577 autoreload 10116 9936 Watching for file changes with StatReloader
INFO 2024-06-23 23:00:34,832 autoreload 10116 9936 C:\Users\volch\Desktop\djangoFrameWork\project\myproject\myapp3\views.py changed, reloading.
INFO 2024-06-23 23:00:36,891 autoreload 12212 24208 Watching for file changes with StatReloader
INFO 2024-06-23 23:03:21,620 autoreload 12212 24208 C:\Users\volch\Desktop\djangoFrameWork\project\myproject\myapp3\views.py changed, reloading.
INFO 2024-06-23 23:03:22,162 autoreload 16900 10272 Watching for file changes with StatReloader
INFO 2024-06-23 23:03:36,882 autoreload 16900 10272 C:\Users\volch\Desktop\djangoFrameWork\project\myproject\myapp3\views.py changed, reloading.
INFO 2024-06-23 23:03:37,464 autoreload 24544 7584 Watching for file changes with StatReloader
INFO 2024-06-23 23:03:44,999 autoreload 24544 7584 C:\Users\volch\Desktop\djangoFrameWork\project\myproject\myapp3\views.py changed, reloading.
INFO 2024-06-23 23:03:45,537 autoreload 19592 20756 Watching for file changes with StatReloader
INFO 2024-06-23 23:03:59,197 autoreload 19592 20756 C:\Users\volch\Desktop\djangoFrameWork\project\myproject\myapp3\views.py changed, reloading.
INFO 2024-06-23 23:03:59,736 autoreload 12948 7048 Watching for file changes with StatReloader
INFO 2024-06-23 23:04:09,335 autoreload 12948 7048 C:\Users\volch\Desktop\djangoFrameWork\project\myproject\myapp3\views.py changed, reloading.
INFO 2024-06-23 23:04:09,890 autoreload 8392 20680 Watching for file changes with StatReloader
INFO 2024-06-23 23:04:23,593 autoreload 8392 20680 C:\Users\volch\Desktop\djangoFrameWork\project\myproject\myapp3\views.py changed, reloading.
INFO 2024-06-23 23:04:24,130 autoreload 4604 21816 Watching for file changes with StatReloader
INFO 2024-06-23 23:04:26,572 autoreload 4604 21816 C:\Users\volch\Desktop\djangoFrameWork\project\myproject\myapp3\views.py changed, reloading.
INFO 2024-06-23 23:04:27,117 autoreload 2548 8164 Watching for file changes with StatReloader
INFO 2024-06-23 23:04:43,902 autoreload 2548 8164 C:\Users\volch\Desktop\djangoFrameWork\project\myproject\myapp3\views.py changed, reloading.
INFO 2024-06-23 23:04:44,438 autoreload 20008 19952 Watching for file changes with StatReloader
INFO 2024-06-23 23:04:47,860 autoreload 20008 19952 C:\Users\volch\Desktop\djangoFrameWork\project\myproject\myapp3\views.py changed, reloading.
INFO 2024-06-23 23:04:48,362 autoreload 10340 15624 Watching for file changes with StatReloader
INFO 2024-06-23 23:04:53,861 autoreload 10340 15624 C:\Users\volch\Desktop\djangoFrameWork\project\myproject\myapp3\views.py changed, reloading.
INFO 2024-06-23 23:04:54,452 autoreload 23668 19700 Watching for file changes with StatReloader
INFO 2024-06-23 23:04:59,924 autoreload 23668 19700 C:\Users\volch\Desktop\djangoFrameWork\project\myproject\myapp3\views.py changed, reloading.
INFO 2024-06-23 23:05:00,480 autoreload 16016 12356 Watching for file changes with StatReloader
INFO 2024-06-23 23:05:06,997 autoreload 16016 12356 C:\Users\volch\Desktop\djangoFrameWork\project\myproject\myapp3\views.py changed, reloading.
INFO 2024-06-23 23:05:07,552 autoreload 11812 16292 Watching for file changes with StatReloader
INFO 2024-06-23 23:05:13,066 autoreload 11812 16292 C:\Users\volch\Desktop\djangoFrameWork\project\myproject\myapp3\views.py changed, reloading.
INFO 2024-06-23 23:05:13,693 autoreload 22564 19644 Watching for file changes with StatReloader
INFO 2024-06-23 23:05:25,347 autoreload 22564 19644 C:\Users\volch\Desktop\djangoFrameWork\project\myproject\myapp3\views.py changed, reloading.
INFO 2024-06-23 23:05:25,892 autoreload 21816 11472 Watching for file changes with StatReloader
INFO 2024-06-23 23:05:31,388 autoreload 21816 11472 C:\Users\volch\Desktop\djangoFrameWork\project\myproject\myapp3\views.py changed, reloading.
INFO 2024-06-23 23:05:31,979 autoreload 16176 15024 Watching for file changes with StatReloader
INFO 2024-06-23 23:05:34,375 autoreload 16176 15024 C:\Users\volch\Desktop\djangoFrameWork\project\myproject\myapp3\views.py changed, reloading.
INFO 2024-06-23 23:05:34,910 autoreload 12860 11832 Watching for file changes with StatReloader
INFO 2024-06-23 23:05:43,466 autoreload 12860 11832 C:\Users\volch\Desktop\djangoFrameWork\project\myproject\myapp3\views.py changed, reloading.
INFO 2024-06-23 23:05:43,995 autoreload 22108 3832 Watching for file changes with StatReloader
INFO 2024-06-23 23:05:46,382 autoreload 22108 3832 C:\Users\volch\Desktop\djangoFrameWork\project\myproject\myapp3\views.py changed, reloading.
INFO 2024-06-23 23:05:46,893 autoreload 23432 17464 Watching for file changes with StatReloader
INFO 2024-06-23 23:05:53,401 autoreload 23432 17464 C:\Users\volch\Desktop\djangoFrameWork\project\myproject\myapp3\views.py changed, reloading.
INFO 2024-06-23 23:05:53,955 autoreload 10856 16244 Watching for file changes with StatReloader
WARNING 2024-06-23 23:06:33,608 log 10856 17180 Not Found: /les3/hello2/
WARNING 2024-06-23 23:06:33,609 basehttp 10856 17180 "GET /les3/hello2/ HTTP/1.1" 404 2859
INFO 2024-06-23 23:09:20,670 basehttp 10856 17180 "GET /les3/posts/2022/6/python/ HTTP/1.1" 200 359
INFO 2024-06-23 23:14:18,151 basehttp 10856 17180 "GET /les3/posts/2022/6/python/ HTTP/1.1" 200 359
INFO 2024-06-23 23:15:24,067 autoreload 10856 16244 C:\Users\volch\Desktop\djangoFrameWork\project\myproject\myapp3\views.py changed, reloading.
INFO 2024-06-23 23:15:24,612 autoreload 16436 23564 Watching for file changes with StatReloader
INFO 2024-06-23 23:15:27,081 autoreload 16436 23564 C:\Users\volch\Desktop\djangoFrameWork\project\myproject\myapp3\views.py changed, reloading.
INFO 2024-06-23 23:15:27,600 autoreload 12732 9096 Watching for file changes with StatReloader
INFO 2024-06-23 23:15:31,018 autoreload 12732 9096 C:\Users\volch\Desktop\djangoFrameWork\project\myproject\myapp3\views.py changed, reloading.
INFO 2024-06-23 23:15:31,548 autoreload 20728 17072 Watching for file changes with StatReloader
INFO 2024-06-23 23:15:33,937 autoreload 20728 17072 C:\Users\volch\Desktop\djangoFrameWork\project\myproject\myapp3\views.py changed, reloading.
INFO 2024-06-23 23:15:34,453 autoreload 12248 20764 Watching for file changes with StatReloader
INFO 2024-06-23 23:15:37,898 autoreload 12248 20764 C:\Users\volch\Desktop\djangoFrameWork\project\myproject\myapp3\views.py changed, reloading.
INFO 2024-06-23 23:15:38,405 autoreload 11472 15888 Watching for file changes with StatReloader
INFO 2024-06-23 23:15:42,863 autoreload 11472 15888 C:\Users\volch\Desktop\djangoFrameWork\project\myproject\myapp3\views.py changed, reloading.
INFO 2024-06-23 23:15:43,364 autoreload 7492 6104 Watching for file changes with StatReloader
INFO 2024-06-23 23:15:45,777 autoreload 7492 6104 C:\Users\volch\Desktop\djangoFrameWork\project\myproject\myapp3\views.py changed, reloading.
INFO 2024-06-23 23:15:46,284 autoreload 3512 8088 Watching for file changes with StatReloader
INFO 2024-06-23 23:15:48,720 autoreload 3512 8088 C:\Users\volch\Desktop\djangoFrameWork\project\myproject\myapp3\views.py changed, reloading.
INFO 2024-06-23 23:15:49,243 autoreload 16348 16888 Watching for file changes with StatReloader
INFO 2024-06-23 23:15:51,672 autoreload 16348 16888 C:\Users\volch\Desktop\djangoFrameWork\project\myproject\myapp3\views.py changed, reloading.
INFO 2024-06-23 23:15:52,279 autoreload 18708 23596 Watching for file changes with StatReloader
INFO 2024-06-23 23:15:54,690 autoreload 18708 23596 C:\Users\volch\Desktop\djangoFrameWork\project\myproject\myapp3\views.py changed, reloading.
INFO 2024-06-23 23:15:55,179 autoreload 20904 6980 Watching for file changes with StatReloader
INFO 2024-06-23 23:15:57,605 autoreload 20904 6980 C:\Users\volch\Desktop\djangoFrameWork\project\myproject\myapp3\views.py changed, reloading.
INFO 2024-06-23 23:15:58,124 autoreload 14660 10004 Watching for file changes with StatReloader
INFO 2024-06-23 23:16:01,562 autoreload 14660 10004 C:\Users\volch\Desktop\djangoFrameWork\project\myproject\myapp3\views.py changed, reloading.
INFO 2024-06-23 23:16:02,087 autoreload 2920 13104 Watching for file changes with StatReloader
INFO 2024-06-23 23:16:04,554 autoreload 2920 13104 C:\Users\volch\Desktop\djangoFrameWork\project\myproject\myapp3\views.py changed, reloading.
INFO 2024-06-23 23:16:05,070 autoreload 1656 23148 Watching for file changes with StatReloader
INFO 2024-06-23 23:16:07,500 autoreload 1656 23148 C:\Users\volch\Desktop\djangoFrameWork\project\myproject\myapp3\views.py changed, reloading.
INFO 2024-06-23 23:16:08,048 autoreload 5828 21464 Watching for file changes with StatReloader
INFO 2024-06-23 23:16:10,485 autoreload 5828 21464 C:\Users\volch\Desktop\djangoFrameWork\project\myproject\myapp3\views.py changed, reloading.
INFO 2024-06-23 23:16:11,011 autoreload 1240 2764 Watching for file changes with StatReloader
INFO 2024-06-23 23:16:15,504 autoreload 1240 2764 C:\Users\volch\Desktop\djangoFrameWork\project\myproject\myapp3\views.py changed, reloading.
INFO 2024-06-23 23:16:16,060 autoreload 15804 2768 Watching for file changes with StatReloader
INFO 2024-06-23 23:16:18,488 autoreload 15804 2768 C:\Users\volch\Desktop\djangoFrameWork\project\myproject\myapp3\views.py changed, reloading.
INFO 2024-06-23 23:16:18,998 autoreload 19476 5660 Watching for file changes with StatReloader
INFO 2024-06-23 23:16:21,429 autoreload 19476 5660 C:\Users\volch\Desktop\djangoFrameWork\project\myproject\myapp3\views.py changed, reloading.
INFO 2024-06-23 23:16:21,940 autoreload 24204 20672 Watching for file changes with StatReloader
INFO 2024-06-23 23:16:24,413 autoreload 24204 20672 C:\Users\volch\Desktop\djangoFrameWork\project\myproject\myapp3\views.py changed, reloading.
INFO 2024-06-23 23:16:24,956 autoreload 15428 24100 Watching for file changes with StatReloader
INFO 2024-06-23 23:16:31,471 autoreload 15428 24100 C:\Users\volch\Desktop\djangoFrameWork\project\myproject\myapp3\views.py changed, reloading.
INFO 2024-06-23 23:16:32,003 autoreload 21616 11800 Watching for file changes with StatReloader
INFO 2024-06-23 23:16:33,420 autoreload 21616 11800 C:\Users\volch\Desktop\djangoFrameWork\project\myproject\myapp3\views.py changed, reloading.
INFO 2024-06-23 23:16:33,986 autoreload 16948 14804 Watching for file changes with StatReloader
INFO 2024-06-23 23:16:38,522 autoreload 16948 14804 C:\Users\volch\Desktop\djangoFrameWork\project\myproject\myapp3\views.py changed, reloading.
INFO 2024-06-23 23:16:39,129 autoreload 21908 19236 Watching for file changes with StatReloader
INFO 2024-06-23 23:16:41,564 autoreload 21908 19236 C:\Users\volch\Desktop\djangoFrameWork\project\myproject\myapp3\views.py changed, reloading.
INFO 2024-06-23 23:16:42,082 autoreload 11688 8872 Watching for file changes with StatReloader
INFO 2024-06-23 23:17:36,867 autoreload 11688 8872 C:\Users\volch\Desktop\djangoFrameWork\project\myproject\myapp3\views.py changed, reloading.
INFO 2024-06-23 23:17:37,417 autoreload 18108 23756 Watching for file changes with StatReloader
INFO 2024-06-23 23:17:41,882 autoreload 18108 23756 C:\Users\volch\Desktop\djangoFrameWork\project\myproject\myapp3\views.py changed, reloading.
INFO 2024-06-23 23:17:42,382 autoreload 19824 8512 Watching for file changes with StatReloader
INFO 2024-06-23 23:17:44,804 autoreload 19824 8512 C:\Users\volch\Desktop\djangoFrameWork\project\myproject\myapp3\views.py changed, reloading.
INFO 2024-06-23 23:17:45,307 autoreload 22384 22756 Watching for file changes with StatReloader
INFO 2024-06-23 23:17:48,731 autoreload 22384 22756 C:\Users\volch\Desktop\djangoFrameWork\project\myproject\myapp3\views.py changed, reloading.
INFO 2024-06-23 23:17:49,373 autoreload 13008 16676 Watching for file changes with StatReloader
INFO 2024-06-23 23:18:11,367 autoreload 13008 16676 C:\Users\volch\Desktop\djangoFrameWork\project\myproject\myapp3\views.py changed, reloading.
INFO 2024-06-23 23:18:11,935 autoreload 21936 24044 Watching for file changes with StatReloader
INFO 2024-06-23 23:19:31,446 autoreload 21936 24044 C:\Users\volch\Desktop\djangoFrameWork\project\myproject\myapp3\urls.py changed, reloading.
INFO 2024-06-23 23:19:31,984 autoreload 12256 22140 Watching for file changes with StatReloader
INFO 2024-06-23 23:19:45,723 autoreload 12256 22140 C:\Users\volch\Desktop\djangoFrameWork\project\myproject\myapp3\urls.py changed, reloading.
INFO 2024-06-23 23:19:46,292 autoreload 4764 15888 Watching for file changes with StatReloader
INFO 2024-06-23 23:19:47,690 autoreload 4764 15888 C:\Users\volch\Desktop\djangoFrameWork\project\myproject\myapp3\urls.py changed, reloading.
INFO 2024-06-23 23:19:48,186 autoreload 20072 1484 Watching for file changes with StatReloader
INFO 2024-06-23 23:19:51,664 autoreload 20072 1484 C:\Users\volch\Desktop\djangoFrameWork\project\myproject\myapp3\urls.py changed, reloading.
INFO 2024-06-23 23:19:52,217 autoreload 17436 13456 Watching for file changes with StatReloader
INFO 2024-06-23 23:19:59,749 autoreload 17436 13456 C:\Users\volch\Desktop\djangoFrameWork\project\myproject\myapp3\urls.py changed, reloading.
INFO 2024-06-23 23:20:00,304 autoreload 16212 1696 Watching for file changes with StatReloader
INFO 2024-06-23 23:20:03,722 autoreload 16212 1696 C:\Users\volch\Desktop\djangoFrameWork\project\myproject\myapp3\urls.py changed, reloading.
INFO 2024-06-23 23:20:04,229 autoreload 23756 9060 Watching for file changes with StatReloader
INFO 2024-06-23 23:20:07,645 autoreload 23756 9060 C:\Users\volch\Desktop\djangoFrameWork\project\myproject\myapp3\urls.py changed, reloading.
INFO 2024-06-23 23:20:08,157 autoreload 924 22024 Watching for file changes with StatReloader
INFO 2024-06-23 23:20:11,586 autoreload 924 22024 C:\Users\volch\Desktop\djangoFrameWork\project\myproject\myapp3\urls.py changed, reloading.
INFO 2024-06-23 23:20:12,086 autoreload 13868 13496 Watching for file changes with StatReloader
INFO 2024-06-23 23:20:33,959 autoreload 13868 13496 C:\Users\volch\Desktop\djangoFrameWork\project\myproject\myapp3\urls.py changed, reloading.
INFO 2024-06-23 23:20:34,495 autoreload 2440 12908 Watching for file changes with StatReloader
INFO 2024-06-23 23:20:39,955 autoreload 2440 12908 C:\Users\volch\Desktop\djangoFrameWork\project\myproject\myapp3\urls.py changed, reloading.
INFO 2024-06-23 23:20:40,526 autoreload 22744 14276 Watching for file changes with StatReloader
INFO 2024-06-23 23:21:55,255 autoreload 21788 16452 Watching for file changes with StatReloader
WARNING 2024-06-23 23:21:58,517 log 21788 21088 Not Found: /
WARNING 2024-06-23 23:21:58,518 basehttp 21788 21088 "GET / HTTP/1.1" 404 2274
WARNING 2024-06-23 23:22:07,017 log 21788 21088 Not Found: /les3/hello/
WARNING 2024-06-23 23:22:07,018 basehttp 21788 21088 "GET /les3/hello/ HTTP/1.1" 404 3022
INFO 2024-06-23 23:22:11,202 basehttp 21788 21088 "GET /les3/ HTTP/1.1" 200 175
INFO 2024-06-23 23:41:51,242 autoreload 21788 16452 C:\Users\volch\Desktop\djangoFrameWork\project\myproject\myapp3\views.py changed, reloading.
INFO 2024-06-23 23:41:52,108 autoreload 22756 1484 Watching for file changes with StatReloader
INFO 2024-06-23 23:41:54,831 autoreload 22756 1484 C:\Users\volch\Desktop\djangoFrameWork\project\myproject\myapp3\views.py changed, reloading.
INFO 2024-06-23 23:41:55,597 autoreload 19728 8176 Watching for file changes with StatReloader
INFO 2024-06-23 23:41:58,370 autoreload 19728 8176 C:\Users\volch\Desktop\djangoFrameWork\project\myproject\myapp3\views.py changed, reloading.
INFO 2024-06-23 23:41:59,198 autoreload 10292 2132 Watching for file changes with StatReloader
INFO 2024-06-23 23:42:05,013 autoreload 10292 2132 C:\Users\volch\Desktop\djangoFrameWork\project\myproject\myapp3\views.py changed, reloading.
INFO 2024-06-23 23:42:05,876 autoreload 23544 23388 Watching for file changes with StatReloader
INFO 2024-06-23 23:42:10,675 autoreload 23544 23388 C:\Users\volch\Desktop\djangoFrameWork\project\myproject\myapp3\views.py changed, reloading.
INFO 2024-06-23 23:42:11,527 autoreload 24024 24344 Watching for file changes with StatReloader
INFO 2024-06-23 23:42:14,280 autoreload 24024 24344 C:\Users\volch\Desktop\djangoFrameWork\project\myproject\myapp3\views.py changed, reloading.
INFO 2024-06-23 23:42:15,119 autoreload 11628 13496 Watching for file changes with StatReloader
INFO 2024-06-23 23:42:17,662 autoreload 11628 13496 C:\Users\volch\Desktop\djangoFrameWork\project\myproject\myapp3\views.py changed, reloading.
INFO 2024-06-23 23:42:18,459 autoreload 13032 22332 Watching for file changes with StatReloader
INFO 2024-06-23 23:42:48,177 autoreload 13032 22332 C:\Users\volch\Desktop\djangoFrameWork\project\myproject\myapp3\views.py changed, reloading.
INFO 2024-06-23 23:42:49,008 autoreload 20868 14808 Watching for file changes with StatReloader
INFO 2024-06-23 23:42:51,716 autoreload 20868 14808 C:\Users\volch\Desktop\djangoFrameWork\project\myproject\myapp3\views.py changed, reloading.
INFO 2024-06-23 23:42:52,466 autoreload 1656 19100 Watching for file changes with StatReloader
INFO 2024-06-23 23:42:55,058 autoreload 1656 19100 C:\Users\volch\Desktop\djangoFrameWork\project\myproject\myapp3\views.py changed, reloading.
INFO 2024-06-23 23:42:55,865 autoreload 16888 19860 Watching for file changes with StatReloader
INFO 2024-06-23 23:42:59,610 autoreload 16888 19860 C:\Users\volch\Desktop\djangoFrameWork\project\myproject\myapp3\views.py changed, reloading.
INFO 2024-06-23 23:43:00,422 autoreload 16400 10360 Watching for file changes with StatReloader
INFO 2024-06-23 23:43:05,134 autoreload 16400 10360 C:\Users\volch\Desktop\djangoFrameWork\project\myproject\myapp3\views.py changed, reloading.
INFO 2024-06-23 23:43:05,944 autoreload 13332 13688 Watching for file changes with StatReloader
INFO 2024-06-23 23:43:09,541 autoreload 13332 13688 C:\Users\volch\Desktop\djangoFrameWork\project\myproject\myapp3\views.py changed, reloading.
INFO 2024-06-23 23:43:10,264 autoreload 23940 1624 Watching for file changes with StatReloader
INFO 2024-06-23 23:43:13,935 autoreload 23940 1624 C:\Users\volch\Desktop\djangoFrameWork\project\myproject\myapp3\views.py changed, reloading.
INFO 2024-06-23 23:43:14,662 autoreload 18820 17360 Watching for file changes with StatReloader
INFO 2024-06-23 23:43:17,242 autoreload 18820 17360 C:\Users\volch\Desktop\djangoFrameWork\project\myproject\myapp3\views.py changed, reloading.
INFO 2024-06-23 23:43:17,967 autoreload 18508 13136 Watching for file changes with StatReloader
INFO 2024-06-23 23:43:22,693 autoreload 18508 13136 C:\Users\volch\Desktop\djangoFrameWork\project\myproject\myapp3\views.py changed, reloading.
INFO 2024-06-23 23:43:23,528 autoreload 23996 5908 Watching for file changes with StatReloader
INFO 2024-06-23 23:43:28,374 autoreload 23996 5908 C:\Users\volch\Desktop\djangoFrameWork\project\myproject\myapp3\views.py changed, reloading.
INFO 2024-06-23 23:43:29,355 autoreload 19824 13496 Watching for file changes with StatReloader
INFO 2024-06-23 23:43:31,003 autoreload 19824 13496 C:\Users\volch\Desktop\djangoFrameWork\project\myproject\myapp3\views.py changed, reloading.
INFO 2024-06-23 23:43:31,738 autoreload 7060 20724 Watching for file changes with StatReloader
INFO 2024-06-23 23:43:33,332 autoreload 7060 20724 C:\Users\volch\Desktop\djangoFrameWork\project\myproject\myapp3\views.py changed, reloading.
INFO 2024-06-23 23:43:34,073 autoreload 20512 14540 Watching for file changes with StatReloader
INFO 2024-06-23 23:43:35,652 autoreload 20512 14540 C:\Users\volch\Desktop\djangoFrameWork\project\myproject\myapp3\views.py changed, reloading.
INFO 2024-06-23 23:43:36,361 autoreload 24016 12644 Watching for file changes with StatReloader
INFO 2024-06-23 23:43:41,072 autoreload 24016 12644 C:\Users\volch\Desktop\djangoFrameWork\project\myproject\myapp3\views.py changed, reloading.
INFO 2024-06-23 23:43:41,848 autoreload 22880 13836 Watching for file changes with StatReloader
INFO 2024-06-23 23:43:43,434 autoreload 22880 13836 C:\Users\volch\Desktop\djangoFrameWork\project\myproject\myapp3\views.py changed, reloading.
INFO 2024-06-23 23:43:44,171 autoreload 8104 23952 Watching for file changes with StatReloader
INFO 2024-06-23 23:43:47,856 autoreload 8104 23952 C:\Users\volch\Desktop\djangoFrameWork\project\myproject\myapp3\views.py changed, reloading.
INFO 2024-06-23 23:43:48,635 autoreload 22668 1656 Watching for file changes with StatReloader
INFO 2024-06-23 23:43:51,254 autoreload 22668 1656 C:\Users\volch\Desktop\djangoFrameWork\project\myproject\myapp3\views.py changed, reloading.
INFO 2024-06-23 23:43:51,931 autoreload 21716 11980 Watching for file changes with StatReloader
INFO 2024-06-23 23:43:56,746 autoreload 21716 11980 C:\Users\volch\Desktop\djangoFrameWork\project\myproject\myapp3\views.py changed, reloading.
INFO 2024-06-23 23:43:57,566 autoreload 13460 10700 Watching for file changes with StatReloader
INFO 2024-06-23 23:44:00,122 autoreload 13460 10700 C:\Users\volch\Desktop\djangoFrameWork\project\myproject\myapp3\views.py changed, reloading.
INFO 2024-06-23 23:44:00,829 autoreload 15792 2992 Watching for file changes with StatReloader
INFO 2024-06-23 23:44:03,534 autoreload 15792 2992 C:\Users\volch\Desktop\djangoFrameWork\project\myproject\myapp3\views.py changed, reloading.
INFO 2024-06-23 23:44:04,345 autoreload 22800 24512 Watching for file changes with StatReloader
INFO 2024-06-23 23:44:08,237 autoreload 22800 24512 C:\Users\volch\Desktop\djangoFrameWork\project\myproject\myapp3\views.py changed, reloading.
INFO 2024-06-23 23:44:08,952 autoreload 17532 12040 Watching for file changes with StatReloader
INFO 2024-06-23 23:44:13,757 autoreload 17532 12040 C:\Users\volch\Desktop\djangoFrameWork\project\myproject\myapp3\views.py changed, reloading.
INFO 2024-06-23 23:44:14,613 autoreload 2920 9432 Watching for file changes with StatReloader
INFO 2024-06-23 23:44:16,158 autoreload 2920 9432 C:\Users\volch\Desktop\djangoFrameWork\project\myproject\myapp3\views.py changed, reloading.
INFO 2024-06-23 23:44:16,861 autoreload 23388 7552 Watching for file changes with StatReloader
INFO 2024-06-23 23:44:20,606 autoreload 23388 7552 C:\Users\volch\Desktop\djangoFrameWork\project\myproject\myapp3\views.py changed, reloading.
INFO 2024-06-23 23:44:21,328 autoreload 15768 16784 Watching for file changes with StatReloader
INFO 2024-06-23 23:44:24,053 autoreload 15768 16784 C:\Users\volch\Desktop\djangoFrameWork\project\myproject\myapp3\views.py changed, reloading.
INFO 2024-06-23 23:44:24,849 autoreload 20336 11628 Watching for file changes with StatReloader
INFO 2024-06-23 23:44:28,513 autoreload 20336 11628 C:\Users\volch\Desktop\djangoFrameWork\project\myproject\myapp3\views.py changed, reloading.
INFO 2024-06-23 23:44:29,218 autoreload 18800 12260 Watching for file changes with StatReloader
INFO 2024-06-23 23:44:31,915 autoreload 18800 12260 C:\Users\volch\Desktop\djangoFrameWork\project\myproject\myapp3\views.py changed, reloading.
INFO 2024-06-23 23:44:32,656 autoreload 19932 10704 Watching for file changes with StatReloader
INFO 2024-06-23 23:44:34,213 autoreload 19932 10704 C:\Users\volch\Desktop\djangoFrameWork\project\myproject\myapp3\views.py changed, reloading.
INFO 2024-06-23 23:44:34,910 autoreload 17096 20212 Watching for file changes with StatReloader
INFO 2024-06-23 23:44:37,589 autoreload 17096 20212 C:\Users\volch\Desktop\djangoFrameWork\project\myproject\myapp3\views.py changed, reloading.
INFO 2024-06-23 23:44:38,764 autoreload 13836 13032 Watching for file changes with StatReloader
INFO 2024-06-23 23:44:42,462 autoreload 13836 13032 C:\Users\volch\Desktop\djangoFrameWork\project\myproject\myapp3\views.py changed, reloading.
INFO 2024-06-23 23:44:43,266 autoreload 19444 7496 Watching for file changes with StatReloader
INFO 2024-06-23 23:44:48,212 autoreload 19444 7496 C:\Users\volch\Desktop\djangoFrameWork\project\myproject\myapp3\views.py changed, reloading.
INFO 2024-06-23 23:44:49,032 autoreload 19528 19952 Watching for file changes with StatReloader
INFO 2024-06-23 23:44:51,947 autoreload 19528 19952 C:\Users\volch\Desktop\djangoFrameWork\project\myproject\myapp3\views.py changed, reloading.
INFO 2024-06-23 23:44:52,692 autoreload 17696 7136 Watching for file changes with StatReloader
INFO 2024-06-23 23:44:56,400 autoreload 17696 7136 C:\Users\volch\Desktop\djangoFrameWork\project\myproject\myapp3\views.py changed, reloading.
INFO 2024-06-23 23:44:57,158 autoreload 8052 12148 Watching for file changes with StatReloader
INFO 2024-06-23 23:44:58,732 autoreload 8052 12148 C:\Users\volch\Desktop\djangoFrameWork\project\myproject\myapp3\views.py changed, reloading.
INFO 2024-06-23 23:44:59,442 autoreload 10500 18020 Watching for file changes with StatReloader
INFO 2024-06-23 23:45:04,252 autoreload 10500 18020 C:\Users\volch\Desktop\djangoFrameWork\project\myproject\myapp3\views.py changed, reloading.
INFO 2024-06-23 23:45:05,027 autoreload 9012 22316 Watching for file changes with StatReloader
INFO 2024-06-23 23:45:09,825 autoreload 9012 22316 C:\Users\volch\Desktop\djangoFrameWork\project\myproject\myapp3\views.py changed, reloading.
INFO 2024-06-23 23:45:10,612 autoreload 8088 22808 Watching for file changes with StatReloader
INFO 2024-06-23 23:45:13,220 autoreload 8088 22808 C:\Users\volch\Desktop\djangoFrameWork\project\myproject\myapp3\views.py changed, reloading.
INFO 2024-06-23 23:45:13,923 autoreload 20076 7120 Watching for file changes with StatReloader
INFO 2024-06-23 23:45:17,599 autoreload 20076 7120 C:\Users\volch\Desktop\djangoFrameWork\project\myproject\myapp3\views.py changed, reloading.
INFO 2024-06-23 23:45:18,330 autoreload 11884 15160 Watching for file changes with StatReloader
INFO 2024-06-23 23:45:21,013 autoreload 11884 15160 C:\Users\volch\Desktop\djangoFrameWork\project\myproject\myapp3\views.py changed, reloading.
INFO 2024-06-23 23:45:21,758 autoreload 6856 14072 Watching for file changes with StatReloader
INFO 2024-06-23 23:45:26,672 autoreload 6856 14072 C:\Users\volch\Desktop\djangoFrameWork\project\myproject\myapp3\views.py changed, reloading.
INFO 2024-06-23 23:45:27,436 autoreload 13560 16792 Watching for file changes with StatReloader
INFO 2024-06-23 23:45:33,318 autoreload 13560 16792 C:\Users\volch\Desktop\djangoFrameWork\project\myproject\myapp3\views.py changed, reloading.
INFO 2024-06-23 23:45:34,120 autoreload 15260 10516 Watching for file changes with StatReloader
INFO 2024-06-23 23:45:37,790 autoreload 15260 10516 C:\Users\volch\Desktop\djangoFrameWork\project\myproject\myapp3\views.py changed, reloading.
INFO 2024-06-23 23:45:38,778 autoreload 18608 3904 Watching for file changes with StatReloader
INFO 2024-06-23 23:45:40,382 autoreload 18608 3904 C:\Users\volch\Desktop\djangoFrameWork\project\myproject\myapp3\views.py changed, reloading.
INFO 2024-06-23 23:45:41,165 autoreload 8368 4792 Watching for file changes with StatReloader
INFO 2024-06-23 23:45:43,846 autoreload 8368 4792 C:\Users\volch\Desktop\djangoFrameWork\project\myproject\myapp3\views.py changed, reloading.
INFO 2024-06-23 23:45:44,614 autoreload 7124 24208 Watching for file changes with StatReloader
INFO 2024-06-23 23:48:49,988 autoreload 7124 24208 C:\Users\volch\Desktop\djangoFrameWork\project\myproject\myapp3\urls.py changed, reloading.
INFO 2024-06-23 23:48:50,876 autoreload 24556 23388 Watching for file changes with StatReloader
INFO 2024-06-23 23:48:52,452 autoreload 24556 23388 C:\Users\volch\Desktop\djangoFrameWork\project\myproject\myapp3\urls.py changed, reloading.
INFO 2024-06-23 23:48:53,234 autoreload 21076 20096 Watching for file changes with StatReloader
INFO 2024-06-23 23:48:55,823 autoreload 21076 20096 C:\Users\volch\Desktop\djangoFrameWork\project\myproject\myapp3\urls.py changed, reloading.
INFO 2024-06-23 23:48:56,509 autoreload 23996 1164 Watching for file changes with StatReloader
INFO 2024-06-23 23:49:02,241 autoreload 23996 1164 C:\Users\volch\Desktop\djangoFrameWork\project\myproject\myapp3\urls.py changed, reloading.
INFO 2024-06-23 23:49:03,101 autoreload 15496 9060 Watching for file changes with StatReloader
INFO 2024-06-23 23:49:09,972 autoreload 15496 9060 C:\Users\volch\Desktop\djangoFrameWork\project\myproject\myapp3\urls.py changed, reloading.
INFO 2024-06-23 23:49:10,767 autoreload 15516 23952 Watching for file changes with StatReloader
INFO 2024-06-23 23:49:16,540 autoreload 15516 23952 C:\Users\volch\Desktop\djangoFrameWork\project\myproject\myapp3\urls.py changed, reloading.
INFO 2024-06-23 23:49:17,354 autoreload 6980 21696 Watching for file changes with StatReloader
INFO 2024-06-23 23:49:39,310 autoreload 6980 21696 C:\Users\volch\Desktop\djangoFrameWork\project\myproject\myapp3\urls.py changed, reloading.
INFO 2024-06-23 23:49:40,076 autoreload 7048 12928 Watching for file changes with StatReloader
INFO 2024-06-23 23:49:42,743 autoreload 7048 12928 C:\Users\volch\Desktop\djangoFrameWork\project\myproject\myapp3\urls.py changed, reloading.
INFO 2024-06-23 23:49:43,531 autoreload 21820 3252 Watching for file changes with StatReloader
INFO 2024-06-23 23:49:47,153 autoreload 21820 3252 C:\Users\volch\Desktop\djangoFrameWork\project\myproject\myapp3\urls.py changed, reloading.
INFO 2024-06-23 23:49:47,834 autoreload 22224 14792 Watching for file changes with StatReloader
INFO 2024-06-23 23:49:52,607 autoreload 22224 14792 C:\Users\volch\Desktop\djangoFrameWork\project\myproject\myapp3\urls.py changed, reloading.
INFO 2024-06-23 23:49:53,304 autoreload 10308 14100 Watching for file changes with StatReloader
INFO 2024-06-23 23:49:54,845 autoreload 10308 14100 C:\Users\volch\Desktop\djangoFrameWork\project\myproject\myapp3\urls.py changed, reloading.
INFO 2024-06-23 23:49:55,598 autoreload 3188 9440 Watching for file changes with StatReloader
INFO 2024-06-23 23:50:03,607 autoreload 3188 9440 C:\Users\volch\Desktop\djangoFrameWork\project\myproject\myapp3\urls.py changed, reloading.
INFO 2024-06-23 23:50:04,380 autoreload 14944 22740 Watching for file changes with StatReloader
INFO 2024-06-23 23:50:08,094 autoreload 14944 22740 C:\Users\volch\Desktop\djangoFrameWork\project\myproject\myapp3\urls.py changed, reloading.
INFO 2024-06-23 23:50:08,847 autoreload 8152 22832 Watching for file changes with StatReloader
INFO 2024-06-24 00:03:09,753 autoreload 8152 22832 C:\Users\volch\Desktop\djangoFrameWork\project\myproject\myapp3\views.py changed, reloading.
INFO 2024-06-24 00:03:10,662 autoreload 10460 24524 Watching for file changes with StatReloader
INFO 2024-06-24 00:03:27,174 autoreload 10460 24524 C:\Users\volch\Desktop\djangoFrameWork\project\myproject\myapp3\views.py changed, reloading.
INFO 2024-06-24 00:03:28,098 autoreload 24208 24016 Watching for file changes with StatReloader
INFO 2024-06-24 00:03:41,646 autoreload 24208 24016 C:\Users\volch\Desktop\djangoFrameWork\project\myproject\myapp3\views.py changed, reloading.
INFO 2024-06-24 00:03:42,534 autoreload 24052 6668 Watching for file changes with StatReloader
INFO 2024-06-24 00:03:49,536 autoreload 24052 6668 C:\Users\volch\Desktop\djangoFrameWork\project\myproject\myapp3\views.py changed, reloading.
INFO 2024-06-24 00:03:50,371 autoreload 9840 21588 Watching for file changes with StatReloader
INFO 2024-06-24 00:05:22,239 autoreload 9840 21588 C:\Users\volch\Desktop\djangoFrameWork\project\myproject\myapp3\urls.py changed, reloading.
INFO 2024-06-24 00:05:23,063 autoreload 19100 8592 Watching for file changes with StatReloader
INFO 2024-06-24 00:05:25,680 autoreload 19100 8592 C:\Users\volch\Desktop\djangoFrameWork\project\myproject\myapp3\urls.py changed, reloading.
INFO 2024-06-24 00:05:26,385 autoreload 16240 15656 Watching for file changes with StatReloader
INFO 2024-06-24 00:05:31,222 autoreload 16240 15656 C:\Users\volch\Desktop\djangoFrameWork\project\myproject\myapp3\urls.py changed, reloading.
INFO 2024-06-24 00:05:32,017 autoreload 13632 17572 Watching for file changes with StatReloader
INFO 2024-06-24 00:05:33,592 autoreload 13632 17572 C:\Users\volch\Desktop\djangoFrameWork\project\myproject\myapp3\urls.py changed, reloading.
INFO 2024-06-24 00:05:34,323 autoreload 11672 24556 Watching for file changes with StatReloader
INFO 2024-06-24 00:05:38,045 autoreload 11672 24556 C:\Users\volch\Desktop\djangoFrameWork\project\myproject\myapp3\urls.py changed, reloading.
INFO 2024-06-24 00:05:38,789 autoreload 19692 5660 Watching for file changes with StatReloader
INFO 2024-06-24 00:05:43,536 autoreload 19692 5660 C:\Users\volch\Desktop\djangoFrameWork\project\myproject\myapp3\urls.py changed, reloading.
INFO 2024-06-24 00:05:44,352 autoreload 9892 24516 Watching for file changes with StatReloader
INFO 2024-06-24 00:05:46,977 autoreload 9892 24516 C:\Users\volch\Desktop\djangoFrameWork\project\myproject\myapp3\urls.py changed, reloading.
INFO 2024-06-24 00:05:47,696 autoreload 10392 19180 Watching for file changes with StatReloader
INFO 2024-06-24 00:05:52,363 autoreload 10392 19180 C:\Users\volch\Desktop\djangoFrameWork\project\myproject\myapp3\urls.py changed, reloading.
INFO 2024-06-24 00:05:53,165 autoreload 24492 5540 Watching for file changes with StatReloader
INFO 2024-06-24 00:05:59,245 autoreload 24492 5540 C:\Users\volch\Desktop\djangoFrameWork\project\myproject\myapp3\urls.py changed, reloading.
INFO 2024-06-24 00:06:00,018 autoreload 19084 1164 Watching for file changes with StatReloader
INFO 2024-06-24 00:06:11,268 autoreload 19084 1164 C:\Users\volch\Desktop\djangoFrameWork\project\myproject\myapp3\urls.py changed, reloading.
INFO 2024-06-24 00:06:12,138 autoreload 16156 15200 Watching for file changes with StatReloader
INFO 2024-06-24 00:06:15,859 autoreload 16156 15200 C:\Users\volch\Desktop\djangoFrameWork\project\myproject\myapp3\urls.py changed, reloading.
INFO 2024-06-24 00:06:16,552 autoreload 23844 13792 Watching for file changes with StatReloader
INFO 2024-06-24 00:06:20,218 autoreload 23844 13792 C:\Users\volch\Desktop\djangoFrameWork\project\myproject\myapp3\urls.py changed, reloading.
INFO 2024-06-24 00:06:21,001 autoreload 6448 17572 Watching for file changes with StatReloader
INFO 2024-06-24 00:06:23,559 autoreload 6448 17572 C:\Users\volch\Desktop\djangoFrameWork\project\myproject\myapp3\urls.py changed, reloading.
INFO 2024-06-24 00:06:24,338 autoreload 5324 7428 Watching for file changes with StatReloader
INFO 2024-06-24 00:06:28,049 autoreload 5324 7428 C:\Users\volch\Desktop\djangoFrameWork\project\myproject\myapp3\urls.py changed, reloading.
INFO 2024-06-24 00:06:29,043 autoreload 11672 12280 Watching for file changes with StatReloader
INFO 2024-06-24 00:06:35,905 autoreload 11672 12280 C:\Users\volch\Desktop\djangoFrameWork\project\myproject\myapp3\urls.py changed, reloading.
INFO 2024-06-24 00:06:36,977 autoreload 18388 22396 Watching for file changes with StatReloader
INFO 2024-06-24 00:06:39,580 autoreload 18388 22396 C:\Users\volch\Desktop\djangoFrameWork\project\myproject\myapp3\urls.py changed, reloading.
INFO 2024-06-24 00:06:40,344 autoreload 3744 19796 Watching for file changes with StatReloader
INFO 2024-06-24 00:06:43,994 autoreload 3744 19796 C:\Users\volch\Desktop\djangoFrameWork\project\myproject\myapp3\urls.py changed, reloading.
INFO 2024-06-24 00:06:44,720 autoreload 19180 14496 Watching for file changes with StatReloader
INFO 2024-06-24 00:06:51,743 autoreload 19180 14496 C:\Users\volch\Desktop\djangoFrameWork\project\myproject\myapp3\urls.py changed, reloading.
INFO 2024-06-24 00:06:52,783 autoreload 23092 4700 Watching for file changes with StatReloader
WARNING 2024-06-24 00:07:21,263 log 23092 16428 Not Found: /for/
WARNING 2024-06-24 00:07:21,263 basehttp 23092 16428 "GET /for/ HTTP/1.1" 404 2304
INFO 2024-06-24 00:07:33,370 basehttp 23092 16428 "GET /les3/for/ HTTP/1.1" 200 934
INFO 2024-06-24 01:10:06,682 autoreload 23092 4700 C:\Users\volch\Desktop\djangoFrameWork\project\myproject\myapp3\views.py changed, reloading.
INFO 2024-06-24 01:10:07,460 autoreload 11760 7560 Watching for file changes with StatReloader
INFO 2024-06-24 01:10:13,305 autoreload 11760 7560 C:\Users\volch\Desktop\djangoFrameWork\project\myproject\myapp3\views.py changed, reloading.
INFO 2024-06-24 01:10:14,210 autoreload 23524 20236 Watching for file changes with StatReloader
INFO 2024-06-24 01:10:16,845 autoreload 23524 20236 C:\Users\volch\Desktop\djangoFrameWork\project\myproject\myapp3\views.py changed, reloading.
INFO 2024-06-24 01:10:17,474 autoreload 4448 1164 Watching for file changes with StatReloader
INFO 2024-06-24 01:10:21,048 autoreload 4448 1164 C:\Users\volch\Desktop\djangoFrameWork\project\myproject\myapp3\views.py changed, reloading.
INFO 2024-06-24 01:10:21,762 autoreload 22080 17360 Watching for file changes with StatReloader
INFO 2024-06-24 01:10:27,636 autoreload 22080 17360 C:\Users\volch\Desktop\djangoFrameWork\project\myproject\myapp3\views.py changed, reloading.
INFO 2024-06-24 01:10:28,472 autoreload 21728 23228 Watching for file changes with StatReloader
INFO 2024-06-24 01:10:29,981 autoreload 21728 23228 C:\Users\volch\Desktop\djangoFrameWork\project\myproject\myapp3\views.py changed, reloading.
INFO 2024-06-24 01:10:30,649 autoreload 23248 24352 Watching for file changes with StatReloader
INFO 2024-06-24 01:10:37,526 autoreload 23248 24352 C:\Users\volch\Desktop\djangoFrameWork\project\myproject\myapp3\views.py changed, reloading.
INFO 2024-06-24 01:10:38,317 autoreload 18776 13632 Watching for file changes with StatReloader
INFO 2024-06-24 01:10:39,862 autoreload 18776 13632 C:\Users\volch\Desktop\djangoFrameWork\project\myproject\myapp3\views.py changed, reloading.
INFO 2024-06-24 01:10:40,556 autoreload 22704 20924 Watching for file changes with StatReloader
INFO 2024-06-24 01:10:42,211 autoreload 22704 20924 C:\Users\volch\Desktop\djangoFrameWork\project\myproject\myapp3\views.py changed, reloading.
INFO 2024-06-24 01:10:42,896 autoreload 24304 8152 Watching for file changes with StatReloader
INFO 2024-06-24 01:10:44,412 autoreload 24304 8152 C:\Users\volch\Desktop\djangoFrameWork\project\myproject\myapp3\views.py changed, reloading.
INFO 2024-06-24 01:10:45,142 autoreload 6948 9432 Watching for file changes with StatReloader
INFO 2024-06-24 01:10:50,956 autoreload 6948 9432 C:\Users\volch\Desktop\djangoFrameWork\project\myproject\myapp3\views.py changed, reloading.
INFO 2024-06-24 01:10:51,708 autoreload 9240 9044 Watching for file changes with StatReloader
INFO 2024-06-24 01:10:55,374 autoreload 9240 9044 C:\Users\volch\Desktop\djangoFrameWork\project\myproject\myapp3\views.py changed, reloading.
INFO 2024-06-24 01:10:56,016 autoreload 24004 11468 Watching for file changes with StatReloader
INFO 2024-06-24 01:10:59,769 autoreload 24004 11468 C:\Users\volch\Desktop\djangoFrameWork\project\myproject\myapp3\views.py changed, reloading.
INFO 2024-06-24 01:11:00,473 autoreload 13792 5040 Watching for file changes with StatReloader
INFO 2024-06-24 01:11:03,267 autoreload 13792 5040 C:\Users\volch\Desktop\djangoFrameWork\project\myproject\myapp3\views.py changed, reloading.
INFO 2024-06-24 01:11:04,408 autoreload 13548 21756 Watching for file changes with StatReloader
INFO 2024-06-24 01:11:20,335 autoreload 13548 21756 C:\Users\volch\Desktop\djangoFrameWork\project\myproject\myapp3\views.py changed, reloading.
INFO 2024-06-24 01:11:20,866 autoreload 20556 18092 Watching for file changes with StatReloader
INFO 2024-06-24 01:11:23,291 autoreload 20556 18092 C:\Users\volch\Desktop\djangoFrameWork\project\myproject\myapp3\views.py changed, reloading.
INFO 2024-06-24 01:11:23,784 autoreload 19932 1696 Watching for file changes with StatReloader
INFO 2024-06-24 01:11:31,315 autoreload 19932 1696 C:\Users\volch\Desktop\djangoFrameWork\project\myproject\myapp3\views.py changed, reloading.
INFO 2024-06-24 01:11:31,867 autoreload 11452 6332 Watching for file changes with StatReloader
INFO 2024-06-24 01:11:33,312 autoreload 11452 6332 C:\Users\volch\Desktop\djangoFrameWork\project\myproject\myapp3\views.py changed, reloading.
INFO 2024-06-24 01:11:33,822 autoreload 5908 12588 Watching for file changes with StatReloader
INFO 2024-06-24 01:11:36,247 autoreload 5908 12588 C:\Users\volch\Desktop\djangoFrameWork\project\myproject\myapp3\views.py changed, reloading.
INFO 2024-06-24 01:11:36,762 autoreload 1316 23916 Watching for file changes with StatReloader
INFO 2024-06-24 01:11:40,214 autoreload 1316 23916 C:\Users\volch\Desktop\djangoFrameWork\project\myproject\myapp3\views.py changed, reloading.
INFO 2024-06-24 01:11:40,731 autoreload 8728 21544 Watching for file changes with StatReloader
INFO 2024-06-24 01:11:42,146 autoreload 8728 21544 C:\Users\volch\Desktop\djangoFrameWork\project\myproject\myapp3\views.py changed, reloading.
INFO 2024-06-24 01:11:42,687 autoreload 22616 16952 Watching for file changes with StatReloader
INFO 2024-06-24 01:11:46,146 autoreload 22616 16952 C:\Users\volch\Desktop\djangoFrameWork\project\myproject\myapp3\views.py changed, reloading.
INFO 2024-06-24 01:11:46,651 autoreload 17116 8068 Watching for file changes with StatReloader
INFO 2024-06-24 01:11:51,128 autoreload 17116 8068 C:\Users\volch\Desktop\djangoFrameWork\project\myproject\myapp3\views.py changed, reloading.
INFO 2024-06-24 01:11:51,639 autoreload 1052 15088 Watching for file changes with StatReloader
INFO 2024-06-24 01:11:54,068 autoreload 1052 15088 C:\Users\volch\Desktop\djangoFrameWork\project\myproject\myapp3\views.py changed, reloading.
INFO 2024-06-24 01:11:54,584 autoreload 23672 23688 Watching for file changes with StatReloader
INFO 2024-06-24 01:12:33,033 autoreload 23672 23688 C:\Users\volch\Desktop\djangoFrameWork\project\myproject\myapp3\urls.py changed, reloading.
INFO 2024-06-24 01:12:33,568 autoreload 1164 10864 Watching for file changes with StatReloader
INFO 2024-06-24 01:12:36,008 autoreload 1164 10864 C:\Users\volch\Desktop\djangoFrameWork\project\myproject\myapp3\urls.py changed, reloading.
INFO 2024-06-24 01:12:36,518 autoreload 14796 11532 Watching for file changes with StatReloader
INFO 2024-06-24 01:12:37,894 autoreload 14796 11532 C:\Users\volch\Desktop\djangoFrameWork\project\myproject\myapp3\urls.py changed, reloading.
INFO 2024-06-24 01:12:38,387 autoreload 21264 19752 Watching for file changes with StatReloader
INFO 2024-06-24 01:12:42,851 autoreload 21264 19752 C:\Users\volch\Desktop\djangoFrameWork\project\myproject\myapp3\urls.py changed, reloading.
INFO 2024-06-24 01:12:43,351 autoreload 16928 2784 Watching for file changes with StatReloader
INFO 2024-06-24 01:12:47,814 autoreload 16928 2784 C:\Users\volch\Desktop\djangoFrameWork\project\myproject\myapp3\urls.py changed, reloading.
INFO 2024-06-24 01:12:48,317 autoreload 8384 22456 Watching for file changes with StatReloader
INFO 2024-06-24 01:12:52,782 autoreload 8384 22456 C:\Users\volch\Desktop\djangoFrameWork\project\myproject\myapp3\urls.py changed, reloading.
INFO 2024-06-24 01:12:53,281 autoreload 13140 18084 Watching for file changes with StatReloader
INFO 2024-06-24 01:12:58,755 autoreload 13140 18084 C:\Users\volch\Desktop\djangoFrameWork\project\myproject\myapp3\urls.py changed, reloading.
INFO 2024-06-24 01:12:59,280 autoreload 14032 24572 Watching for file changes with StatReloader
INFO 2024-06-24 01:13:03,735 autoreload 14032 24572 C:\Users\volch\Desktop\djangoFrameWork\project\myproject\myapp3\urls.py changed, reloading.
INFO 2024-06-24 01:13:04,250 autoreload 23848 6856 Watching for file changes with StatReloader
INFO 2024-06-24 01:13:08,702 autoreload 23848 6856 C:\Users\volch\Desktop\djangoFrameWork\project\myproject\myapp3\urls.py changed, reloading.
INFO 2024-06-24 01:13:09,225 autoreload 16212 3696 Watching for file changes with StatReloader
INFO 2024-06-24 01:13:12,666 autoreload 16212 3696 C:\Users\volch\Desktop\djangoFrameWork\project\myproject\myapp3\urls.py changed, reloading.
INFO 2024-06-24 01:13:13,171 autoreload 3416 6820 Watching for file changes with StatReloader
INFO 2024-06-24 01:13:17,613 autoreload 3416 6820 C:\Users\volch\Desktop\djangoFrameWork\project\myproject\myapp3\urls.py changed, reloading.
INFO 2024-06-24 01:13:18,104 autoreload 20548 17080 Watching for file changes with StatReloader
INFO 2024-06-24 01:13:20,520 autoreload 20548 17080 C:\Users\volch\Desktop\djangoFrameWork\project\myproject\myapp3\urls.py changed, reloading.
INFO 2024-06-24 01:13:21,014 autoreload 10116 3928 Watching for file changes with StatReloader
INFO 2024-06-24 01:13:24,436 autoreload 10116 3928 C:\Users\volch\Desktop\djangoFrameWork\project\myproject\myapp3\urls.py changed, reloading.
INFO 2024-06-24 01:13:24,924 autoreload 12732 21728 Watching for file changes with StatReloader
INFO 2024-06-24 01:13:27,318 autoreload 12732 21728 C:\Users\volch\Desktop\djangoFrameWork\project\myproject\myapp3\urls.py changed, reloading.
INFO 2024-06-24 01:13:27,822 autoreload 22308 22628 Watching for file changes with StatReloader
INFO 2024-06-24 01:13:30,231 autoreload 22308 22628 C:\Users\volch\Desktop\djangoFrameWork\project\myproject\myapp3\urls.py changed, reloading.
INFO 2024-06-24 01:13:30,729 autoreload 16016 3672 Watching for file changes with StatReloader
INFO 2024-06-24 01:13:35,190 autoreload 16016 3672 C:\Users\volch\Desktop\djangoFrameWork\project\myproject\myapp3\urls.py changed, reloading.
INFO 2024-06-24 01:13:35,716 autoreload 14608 22456 Watching for file changes with StatReloader
INFO 2024-06-24 01:13:39,141 autoreload 14608 22456 C:\Users\volch\Desktop\djangoFrameWork\project\myproject\myapp3\urls.py changed, reloading.
INFO 2024-06-24 01:13:39,646 autoreload 24456 23696 Watching for file changes with StatReloader
INFO 2024-06-24 01:13:43,070 autoreload 24456 23696 C:\Users\volch\Desktop\djangoFrameWork\project\myproject\myapp3\urls.py changed, reloading.
INFO 2024-06-24 01:13:43,592 autoreload 11796 2520 Watching for file changes with StatReloader
INFO 2024-06-24 01:13:47,014 autoreload 11796 2520 C:\Users\volch\Desktop\djangoFrameWork\project\myproject\myapp3\urls.py changed, reloading.
INFO 2024-06-24 01:13:47,554 autoreload 21108 4448 Watching for file changes with StatReloader
INFO 2024-06-24 01:13:51,030 autoreload 21108 4448 C:\Users\volch\Desktop\djangoFrameWork\project\myproject\myapp3\urls.py changed, reloading.
INFO 2024-06-24 01:13:51,541 autoreload 14144 21032 Watching for file changes with StatReloader
INFO 2024-06-24 01:13:55,019 autoreload 14144 21032 C:\Users\volch\Desktop\djangoFrameWork\project\myproject\myapp3\urls.py changed, reloading.
INFO 2024-06-24 01:13:55,510 autoreload 9496 24036 Watching for file changes with StatReloader
INFO 2024-06-24 01:13:59,956 autoreload 9496 24036 C:\Users\volch\Desktop\djangoFrameWork\project\myproject\myapp3\urls.py changed, reloading.
INFO 2024-06-24 01:14:00,457 autoreload 8592 23868 Watching for file changes with StatReloader
INFO 2024-06-24 01:14:06,960 autoreload 8592 23868 C:\Users\volch\Desktop\djangoFrameWork\project\myproject\myapp3\urls.py changed, reloading.
INFO 2024-06-24 01:14:07,516 autoreload 19908 16888 Watching for file changes with StatReloader
INFO 2024-06-24 01:14:11,967 autoreload 19908 16888 C:\Users\volch\Desktop\djangoFrameWork\project\myproject\myapp3\urls.py changed, reloading.
INFO 2024-06-24 01:14:12,545 autoreload 9432 11756 Watching for file changes with StatReloader
WARNING 2024-06-24 01:14:42,127 log 9432 10012 Not Found: /
WARNING 2024-06-24 01:14:42,128 basehttp 9432 10012 "GET / HTTP/1.1" 404 2274
WARNING 2024-06-24 01:14:47,997 log 9432 10012 Not Found: /index
WARNING 2024-06-24 01:14:47,998 basehttp 9432 10012 "GET /index HTTP/1.1" 404 2307
WARNING 2024-06-24 01:14:57,814 log 9432 10012 Not Found: /index/
WARNING 2024-06-24 01:14:57,815 basehttp 9432 10012 "GET /index/ HTTP/1.1" 404 2310
INFO 2024-06-24 01:15:09,875 basehttp 9432 10012 "GET /les3/index/ HTTP/1.1" 200 250
INFO 2024-06-24 01:15:37,625 basehttp 9432 10012 "GET /les3/about HTTP/1.1" 301 0
INFO 2024-06-24 01:15:37,631 basehttp 9432 15888 "GET /les3/about/ HTTP/1.1" 200 487
INFO 2024-06-24 01:16:59,569 autoreload 9432 11756 C:\Users\volch\Desktop\djangoFrameWork\project\myproject\myproject\settings.py changed, reloading.
INFO 2024-06-24 01:17:00,140 autoreload 11828 24368 Watching for file changes with StatReloader
INFO 2024-06-24 01:17:03,633 autoreload 11828 24368 C:\Users\volch\Desktop\djangoFrameWork\project\myproject\myproject\settings.py changed, reloading.
INFO 2024-06-24 01:26:39,635 autoreload 15804 21544 Watching for file changes with StatReloader
INFO 2024-06-24 01:26:42,986 basehttp 15804 17436 "GET / HTTP/1.1" 200 310
INFO 2024-06-24 01:28:59,852 autoreload 15804 21544 C:\Users\volch\Desktop\djangoFrameWork\project\myproject\myapp3\models.py changed, reloading.
INFO 2024-06-24 01:29:00,426 autoreload 9440 9260 Watching for file changes with StatReloader
INFO 2024-06-24 01:29:51,186 autoreload 9440 9260 C:\Users\volch\Desktop\djangoFrameWork\project\myproject\myapp3\models.py changed, reloading.
INFO 2024-06-24 01:29:51,714 autoreload 14936 22484 Watching for file changes with StatReloader
INFO 2024-06-24 01:29:55,040 autoreload 14936 22484 C:\Users\volch\Desktop\djangoFrameWork\project\myproject\myapp3\models.py changed, reloading.
INFO 2024-06-24 01:29:55,538 autoreload 16260 22512 Watching for file changes with StatReloader
INFO 2024-06-24 01:29:56,927 autoreload 16260 22512 C:\Users\volch\Desktop\djangoFrameWork\project\myproject\myapp3\models.py changed, reloading.
INFO 2024-06-24 01:29:57,512 autoreload 20596 7096 Watching for file changes with StatReloader
INFO 2024-06-24 01:30:10,273 autoreload 20596 7096 C:\Users\volch\Desktop\djangoFrameWork\project\myproject\myapp3\models.py changed, reloading.
INFO 2024-06-24 01:30:10,801 autoreload 22880 2792 Watching for file changes with StatReloader
INFO 2024-06-24 01:30:19,303 autoreload 22880 2792 C:\Users\volch\Desktop\djangoFrameWork\project\myproject\myapp3\models.py changed, reloading.
INFO 2024-06-24 01:30:19,844 autoreload 19580 8620 Watching for file changes with StatReloader
INFO 2024-06-24 01:30:22,150 autoreload 19580 8620 C:\Users\volch\Desktop\djangoFrameWork\project\myproject\myapp3\models.py changed, reloading.
INFO 2024-06-24 01:30:22,637 autoreload 3052 21996 Watching for file changes with StatReloader
INFO 2024-06-24 01:30:25,947 autoreload 3052 21996 C:\Users\volch\Desktop\djangoFrameWork\project\myproject\myapp3\models.py changed, reloading.
INFO 2024-06-24 01:30:26,444 autoreload 3204 8736 Watching for file changes with StatReloader
INFO 2024-06-24 01:30:27,731 autoreload 3204 8736 C:\Users\volch\Desktop\djangoFrameWork\project\myproject\myapp3\models.py changed, reloading.
INFO 2024-06-24 01:30:28,208 autoreload 10428 7640 Watching for file changes with StatReloader
INFO 2024-06-24 01:30:34,598 autoreload 10428 7640 C:\Users\volch\Desktop\djangoFrameWork\project\myproject\myapp3\models.py changed, reloading.
INFO 2024-06-24 01:30:35,115 autoreload 12224 21020 Watching for file changes with StatReloader
INFO 2024-06-24 01:30:36,410 autoreload 12224 21020 C:\Users\volch\Desktop\djangoFrameWork\project\myproject\myapp3\models.py changed, reloading.
INFO 2024-06-24 01:30:36,898 autoreload 6452 5116 Watching for file changes with StatReloader
INFO 2024-06-24 01:30:42,267 autoreload 6452 5116 C:\Users\volch\Desktop\djangoFrameWork\project\myproject\myapp3\models.py changed, reloading.
INFO 2024-06-24 01:30:42,780 autoreload 17464 21264 Watching for file changes with StatReloader
INFO 2024-06-24 01:30:45,111 autoreload 17464 21264 C:\Users\volch\Desktop\djangoFrameWork\project\myproject\myapp3\models.py changed, reloading.
INFO 2024-06-24 01:30:45,594 autoreload 15616 18832 Watching for file changes with StatReloader
INFO 2024-06-24 01:30:48,918 autoreload 15616 18832 C:\Users\volch\Desktop\djangoFrameWork\project\myproject\myapp3\models.py changed, reloading.
INFO 2024-06-24 01:30:49,397 autoreload 11800 17436 Watching for file changes with StatReloader
INFO 2024-06-24 01:30:51,704 autoreload 11800 17436 C:\Users\volch\Desktop\djangoFrameWork\project\myproject\myapp3\models.py changed, reloading.
INFO 2024-06-24 01:30:52,209 autoreload 15164 22628 Watching for file changes with StatReloader
INFO 2024-06-24 01:30:55,539 autoreload 15164 22628 C:\Users\volch\Desktop\djangoFrameWork\project\myproject\myapp3\models.py changed, reloading.
INFO 2024-06-24 01:30:56,056 autoreload 18592 22308 Watching for file changes with StatReloader
INFO 2024-06-24 10:33:15,480 autoreload 14536 12004 Watching for file changes with StatReloader
INFO 2024-06-24 10:33:20,888 basehttp 14536 24004 "GET / HTTP/1.1" 200 310
WARNING 2024-06-24 10:33:21,052 log 14536 24004 Not Found: /favicon.ico
WARNING 2024-06-24 10:33:21,052 basehttp 14536 24004 "GET /favicon.ico HTTP/1.1" 404 2425
WARNING 2024-06-24 10:33:48,938 log 14536 24004 Not Found: /author/5/
WARNING 2024-06-24 10:33:48,938 basehttp 14536 24004 "GET /author/5/ HTTP/1.1" 404 2419
ERROR 2024-06-24 10:34:00,069 log 14536 24004 Internal Server Error: /les3/author/5/
Traceback (most recent call last):
  File "C:\Users\volch\Desktop\djangoFrameWork\project\.venv\Lib\site-packages\django\core\handlers\exception.py", line 55, in inner
    response = get_response(request)
               ^^^^^^^^^^^^^^^^^^^^^
  File "C:\Users\volch\Desktop\djangoFrameWork\project\.venv\Lib\site-packages\django\core\handlers\base.py", line 197, in _get_response
    response = wrapped_callback(request, *callback_args, **callback_kwargs)
               ^^^^^^^^^^^^^^^^^^^^^^^^^^^^^^^^^^^^^^^^^^^^^^^^^^^^^^^^^^^^
  File "C:\Users\volch\Desktop\djangoFrameWork\project\myproject\myapp3\views.py", line 76, in author_posts
    return render(request, 'myapp3/author_posts.html', {'author': author, 'posts': posts})
           ^^^^^^^^^^^^^^^^^^^^^^^^^^^^^^^^^^^^^^^^^^^^^^^^^^^^^^^^^^^^^^^^^^^^^^^^^^^^^^^
  File "C:\Users\volch\Desktop\djangoFrameWork\project\.venv\Lib\site-packages\django\shortcuts.py", line 25, in render
    content = loader.render_to_string(template_name, context, request, using=using)
              ^^^^^^^^^^^^^^^^^^^^^^^^^^^^^^^^^^^^^^^^^^^^^^^^^^^^^^^^^^^^^^^^^^^^^
  File "C:\Users\volch\Desktop\djangoFrameWork\project\.venv\Lib\site-packages\django\template\loader.py", line 61, in render_to_string
    template = get_template(template_name, using=using)
               ^^^^^^^^^^^^^^^^^^^^^^^^^^^^^^^^^^^^^^^^
  File "C:\Users\volch\Desktop\djangoFrameWork\project\.venv\Lib\site-packages\django\template\loader.py", line 19, in get_template
    raise TemplateDoesNotExist(template_name, chain=chain)
django.template.exceptions.TemplateDoesNotExist: myapp3/author_posts.html
ERROR 2024-06-24 10:34:00,083 basehttp 14536 24004 "GET /les3/author/5/ HTTP/1.1" 500 84216
INFO 2024-06-24 10:34:25,377 basehttp 14536 24004 "GET /les3/ HTTP/1.1" 200 175
WARNING 2024-06-24 10:34:31,042 log 14536 24004 Not Found: /les3/author
WARNING 2024-06-24 10:34:31,042 basehttp 14536 24004 "GET /les3/author HTTP/1.1" 404 4209
INFO 2024-06-24 10:34:56,499 basehttp 14536 24004 "GET /les3/author/1 HTTP/1.1" 301 0
ERROR 2024-06-24 10:34:56,586 log 14536 17212 Internal Server Error: /les3/author/1/
Traceback (most recent call last):
  File "C:\Users\volch\Desktop\djangoFrameWork\project\.venv\Lib\site-packages\django\core\handlers\exception.py", line 55, in inner
    response = get_response(request)
               ^^^^^^^^^^^^^^^^^^^^^
  File "C:\Users\volch\Desktop\djangoFrameWork\project\.venv\Lib\site-packages\django\core\handlers\base.py", line 197, in _get_response
    response = wrapped_callback(request, *callback_args, **callback_kwargs)
               ^^^^^^^^^^^^^^^^^^^^^^^^^^^^^^^^^^^^^^^^^^^^^^^^^^^^^^^^^^^^
  File "C:\Users\volch\Desktop\djangoFrameWork\project\myproject\myapp3\views.py", line 76, in author_posts
    return render(request, 'myapp3/author_posts.html', {'author': author, 'posts': posts})
           ^^^^^^^^^^^^^^^^^^^^^^^^^^^^^^^^^^^^^^^^^^^^^^^^^^^^^^^^^^^^^^^^^^^^^^^^^^^^^^^
  File "C:\Users\volch\Desktop\djangoFrameWork\project\.venv\Lib\site-packages\django\shortcuts.py", line 25, in render
    content = loader.render_to_string(template_name, context, request, using=using)
              ^^^^^^^^^^^^^^^^^^^^^^^^^^^^^^^^^^^^^^^^^^^^^^^^^^^^^^^^^^^^^^^^^^^^^
  File "C:\Users\volch\Desktop\djangoFrameWork\project\.venv\Lib\site-packages\django\template\loader.py", line 61, in render_to_string
    template = get_template(template_name, using=using)
               ^^^^^^^^^^^^^^^^^^^^^^^^^^^^^^^^^^^^^^^^
  File "C:\Users\volch\Desktop\djangoFrameWork\project\.venv\Lib\site-packages\django\template\loader.py", line 19, in get_template
    raise TemplateDoesNotExist(template_name, chain=chain)
django.template.exceptions.TemplateDoesNotExist: myapp3/author_posts.html
ERROR 2024-06-24 10:34:56,601 basehttp 14536 17212 "GET /les3/author/1/ HTTP/1.1" 500 84216
WARNING 2024-06-24 10:35:03,168 log 14536 17212 Not Found: /les3/author
WARNING 2024-06-24 10:35:03,168 basehttp 14536 17212 "GET /les3/author HTTP/1.1" 404 4209
WARNING 2024-06-24 10:35:21,383 log 14536 17212 Not Found: /les3/author
WARNING 2024-06-24 10:35:21,383 basehttp 14536 17212 "GET /les3/author HTTP/1.1" 404 4209
WARNING 2024-06-24 10:35:30,124 log 14536 17212 Not Found: /les3/ author/5
WARNING 2024-06-24 10:35:30,129 basehttp 14536 17212 "GET /les3/%20author/5 HTTP/1.1" 404 4220
WARNING 2024-06-24 10:35:42,620 log 14536 17212 Not Found: /les3/ author/
WARNING 2024-06-24 10:35:42,623 basehttp 14536 17212 "GET /les3/%20author/ HTTP/1.1" 404 4217
WARNING 2024-06-24 10:35:52,974 log 14536 17212 Not Found: /les3/author
WARNING 2024-06-24 10:35:52,974 basehttp 14536 17212 "GET /les3/author HTTP/1.1" 404 4209
WARNING 2024-06-24 10:36:27,751 log 14536 17212 Not Found: /les3/author/2/tile-1
WARNING 2024-06-24 10:36:27,755 basehttp 14536 17212 "GET /les3/author/2/tile-1 HTTP/1.1" 404 4236
INFO 2024-06-24 11:08:40,416 autoreload 9044 19252 Watching for file changes with StatReloader
INFO 2024-06-24 11:08:43,420 basehttp 9044 10940 "GET / HTTP/1.1" 200 310
WARNING 2024-06-24 11:08:56,833 log 9044 10940 Not Found: /product
WARNING 2024-06-24 11:08:56,833 basehttp 9044 10940 "GET /product HTTP/1.1" 404 2413
WARNING 2024-06-24 11:09:12,972 log 9044 10940 Not Found: /les3/product
WARNING 2024-06-24 11:09:12,972 basehttp 9044 10940 "GET /les3/product HTTP/1.1" 404 4212
INFO 2024-06-24 11:09:48,886 autoreload 9044 19252 C:\Users\volch\Desktop\djangoFrameWork\project\myproject\myproject\settings.py changed, reloading.
INFO 2024-06-24 11:09:49,715 autoreload 17404 21404 Watching for file changes with StatReloader
INFO 2024-06-24 11:09:53,427 autoreload 17404 21404 C:\Users\volch\Desktop\djangoFrameWork\project\myproject\myproject\settings.py changed, reloading.
INFO 2024-06-24 11:09:54,044 autoreload 15004 22828 Watching for file changes with StatReloader
INFO 2024-06-24 11:09:57,438 autoreload 15004 22828 C:\Users\volch\Desktop\djangoFrameWork\project\myproject\myproject\settings.py changed, reloading.
INFO 2024-06-24 11:09:58,234 autoreload 21540 5040 Watching for file changes with StatReloader
INFO 2024-06-24 11:10:10,533 autoreload 21540 5040 C:\Users\volch\Desktop\djangoFrameWork\project\myproject\myproject\urls.py changed, reloading.
INFO 2024-06-24 11:10:11,369 autoreload 3496 13892 Watching for file changes with StatReloader
INFO 2024-06-24 11:10:12,899 autoreload 3496 13892 C:\Users\volch\Desktop\djangoFrameWork\project\myproject\myproject\urls.py changed, reloading.
INFO 2024-06-24 11:10:13,529 autoreload 17912 20656 Watching for file changes with StatReloader
INFO 2024-06-24 11:10:18,180 autoreload 17912 20656 C:\Users\volch\Desktop\djangoFrameWork\project\myproject\myproject\urls.py changed, reloading.
INFO 2024-06-24 11:10:18,856 autoreload 13576 15944 Watching for file changes with StatReloader
INFO 2024-06-24 11:10:26,736 autoreload 13576 15944 C:\Users\volch\Desktop\djangoFrameWork\project\myproject\myproject\urls.py changed, reloading.
INFO 2024-06-24 11:10:27,635 autoreload 9460 5476 Watching for file changes with StatReloader
INFO 2024-06-24 11:10:33,460 autoreload 9460 5476 C:\Users\volch\Desktop\djangoFrameWork\project\myproject\myproject\urls.py changed, reloading.
INFO 2024-06-24 11:10:34,164 autoreload 10700 12644 Watching for file changes with StatReloader
INFO 2024-06-24 11:11:10,795 autoreload 6168 7744 Watching for file changes with StatReloader
INFO 2024-06-24 11:12:10,472 autoreload 6168 7744 C:\Users\volch\Desktop\djangoFrameWork\project\myproject\apphm3\urls.py changed, reloading.
INFO 2024-06-24 11:12:11,229 autoreload 5568 23488 Watching for file changes with StatReloader
INFO 2024-06-24 11:12:12,726 autoreload 5568 23488 C:\Users\volch\Desktop\djangoFrameWork\project\myproject\apphm3\urls.py changed, reloading.
INFO 2024-06-24 11:12:13,398 autoreload 24052 14768 Watching for file changes with StatReloader
INFO 2024-06-24 11:12:17,092 autoreload 24052 14768 C:\Users\volch\Desktop\djangoFrameWork\project\myproject\apphm3\urls.py changed, reloading.
INFO 2024-06-24 11:12:17,735 autoreload 17464 16304 Watching for file changes with StatReloader
INFO 2024-06-24 11:12:20,297 autoreload 17464 16304 C:\Users\volch\Desktop\djangoFrameWork\project\myproject\apphm3\urls.py changed, reloading.
INFO 2024-06-24 11:12:20,944 autoreload 18060 3640 Watching for file changes with StatReloader
INFO 2024-06-24 11:12:22,521 autoreload 18060 3640 C:\Users\volch\Desktop\djangoFrameWork\project\myproject\apphm3\urls.py changed, reloading.
INFO 2024-06-24 11:12:23,128 autoreload 12920 7112 Watching for file changes with StatReloader
INFO 2024-06-24 11:12:26,806 autoreload 12920 7112 C:\Users\volch\Desktop\djangoFrameWork\project\myproject\apphm3\urls.py changed, reloading.
INFO 2024-06-24 11:12:27,599 autoreload 14500 21844 Watching for file changes with StatReloader
INFO 2024-06-24 11:12:30,966 basehttp 14500 12056 "GET / HTTP/1.1" 200 310
WARNING 2024-06-24 11:12:39,909 log 14500 12056 Not Found: /hm3
WARNING 2024-06-24 11:12:39,909 basehttp 14500 12056 "GET /hm3 HTTP/1.1" 404 2505
INFO 2024-06-24 11:12:50,174 basehttp 14500 12056 "GET /hm3/product HTTP/1.1" 301 0
ERROR 2024-06-24 11:12:50,288 log 14500 21880 Internal Server Error: /hm3/product/
Traceback (most recent call last):
  File "C:\Users\volch\Desktop\djangoFrameWork\project\.venv\Lib\site-packages\django\db\models\fields\__init__.py", line 2117, in get_prep_value
    return int(value)
           ^^^^^^^^^^
TypeError: int() argument must be a string, a bytes-like object or a real number, not 'SimpleLazyObject'

The above exception was the direct cause of the following exception:

Traceback (most recent call last):
  File "C:\Users\volch\Desktop\djangoFrameWork\project\.venv\Lib\site-packages\django\core\handlers\exception.py", line 55, in inner
    response = get_response(request)
               ^^^^^^^^^^^^^^^^^^^^^
  File "C:\Users\volch\Desktop\djangoFrameWork\project\.venv\Lib\site-packages\django\core\handlers\base.py", line 197, in _get_response
    response = wrapped_callback(request, *callback_args, **callback_kwargs)
               ^^^^^^^^^^^^^^^^^^^^^^^^^^^^^^^^^^^^^^^^^^^^^^^^^^^^^^^^^^^^
  File "C:\Users\volch\Desktop\djangoFrameWork\project\myproject\apphm3\views.py", line 14, in unique_ordered_products
    orders = Order.objects.filter(
             ^^^^^^^^^^^^^^^^^^^^^
  File "C:\Users\volch\Desktop\djangoFrameWork\project\.venv\Lib\site-packages\django\db\models\manager.py", line 87, in manager_method
    return getattr(self.get_queryset(), name)(*args, **kwargs)
           ^^^^^^^^^^^^^^^^^^^^^^^^^^^^^^^^^^^^^^^^^^^^^^^^^^^
  File "C:\Users\volch\Desktop\djangoFrameWork\project\.venv\Lib\site-packages\django\db\models\query.py", line 1476, in filter
    return self._filter_or_exclude(False, args, kwargs)
           ^^^^^^^^^^^^^^^^^^^^^^^^^^^^^^^^^^^^^^^^^^^^
  File "C:\Users\volch\Desktop\djangoFrameWork\project\.venv\Lib\site-packages\django\db\models\query.py", line 1494, in _filter_or_exclude
    clone._filter_or_exclude_inplace(negate, args, kwargs)
  File "C:\Users\volch\Desktop\djangoFrameWork\project\.venv\Lib\site-packages\django\db\models\query.py", line 1501, in _filter_or_exclude_inplace
    self._query.add_q(Q(*args, **kwargs))
  File "C:\Users\volch\Desktop\djangoFrameWork\project\.venv\Lib\site-packages\django\db\models\sql\query.py", line 1613, in add_q
    clause, _ = self._add_q(q_object, self.used_aliases)
                ^^^^^^^^^^^^^^^^^^^^^^^^^^^^^^^^^^^^^^^^
  File "C:\Users\volch\Desktop\djangoFrameWork\project\.venv\Lib\site-packages\django\db\models\sql\query.py", line 1645, in _add_q
    child_clause, needed_inner = self.build_filter(
                                 ^^^^^^^^^^^^^^^^^^
  File "C:\Users\volch\Desktop\djangoFrameWork\project\.venv\Lib\site-packages\django\db\models\sql\query.py", line 1559, in build_filter
    condition = self.build_lookup(lookups, col, value)
                ^^^^^^^^^^^^^^^^^^^^^^^^^^^^^^^^^^^^^^
  File "C:\Users\volch\Desktop\djangoFrameWork\project\.venv\Lib\site-packages\django\db\models\sql\query.py", line 1389, in build_lookup
    lookup = lookup_class(lhs, rhs)
             ^^^^^^^^^^^^^^^^^^^^^^
  File "C:\Users\volch\Desktop\djangoFrameWork\project\.venv\Lib\site-packages\django\db\models\lookups.py", line 30, in __init__
    self.rhs = self.get_prep_lookup()
               ^^^^^^^^^^^^^^^^^^^^^^
  File "C:\Users\volch\Desktop\djangoFrameWork\project\.venv\Lib\site-packages\django\db\models\fields\related_lookups.py", line 156, in get_prep_lookup
    self.rhs = target_field.get_prep_value(self.rhs)
               ^^^^^^^^^^^^^^^^^^^^^^^^^^^^^^^^^^^^^
  File "C:\Users\volch\Desktop\djangoFrameWork\project\.venv\Lib\site-packages\django\db\models\fields\__init__.py", line 2119, in get_prep_value
    raise e.__class__(
TypeError: Field 'id' expected a number but got <SimpleLazyObject: <django.contrib.auth.models.AnonymousUser object at 0x00000281D1883F50>>.
ERROR 2024-06-24 11:12:50,309 basehttp 14500 21880 "GET /hm3/product/ HTTP/1.1" 500 129315
WARNING 2024-06-24 11:14:58,368 log 14500 21880 Not Found: /h
WARNING 2024-06-24 11:14:58,368 basehttp 14500 21880 "GET /h HTTP/1.1" 404 2499
INFO 2024-06-24 11:15:05,423 basehttp 14500 21880 "GET /les3/ HTTP/1.1" 200 175
INFO 2024-06-24 11:17:38,908 autoreload 14500 21844 C:\Users\volch\Desktop\djangoFrameWork\project\myproject\apphm3\urls.py changed, reloading.
INFO 2024-06-24 11:17:39,773 autoreload 19804 18000 Watching for file changes with StatReloader
INFO 2024-06-24 11:17:42,508 autoreload 19804 18000 C:\Users\volch\Desktop\djangoFrameWork\project\myproject\apphm3\urls.py changed, reloading.
INFO 2024-06-24 11:17:43,439 autoreload 5636 15260 Watching for file changes with StatReloader
INFO 2024-06-24 11:17:45,643 basehttp 5636 4036 "GET /les3/ HTTP/1.1" 200 175
WARNING 2024-06-24 11:17:53,329 log 5636 4036 Not Found: /hm3/
WARNING 2024-06-24 11:17:53,332 basehttp 5636 4036 "GET /hm3/ HTTP/1.1" 404 2595
ERROR 2024-06-24 11:18:09,616 log 5636 4036 Internal Server Error: /hm3/product/
Traceback (most recent call last):
  File "C:\Users\volch\Desktop\djangoFrameWork\project\.venv\Lib\site-packages\django\db\models\fields\__init__.py", line 2117, in get_prep_value
    return int(value)
           ^^^^^^^^^^
TypeError: int() argument must be a string, a bytes-like object or a real number, not 'SimpleLazyObject'

The above exception was the direct cause of the following exception:

Traceback (most recent call last):
  File "C:\Users\volch\Desktop\djangoFrameWork\project\.venv\Lib\site-packages\django\core\handlers\exception.py", line 55, in inner
    response = get_response(request)
               ^^^^^^^^^^^^^^^^^^^^^
  File "C:\Users\volch\Desktop\djangoFrameWork\project\.venv\Lib\site-packages\django\core\handlers\base.py", line 197, in _get_response
    response = wrapped_callback(request, *callback_args, **callback_kwargs)
               ^^^^^^^^^^^^^^^^^^^^^^^^^^^^^^^^^^^^^^^^^^^^^^^^^^^^^^^^^^^^
  File "C:\Users\volch\Desktop\djangoFrameWork\project\myproject\apphm3\views.py", line 14, in unique_ordered_products
    orders = Order.objects.filter(
             ^^^^^^^^^^^^^^^^^^^^^
  File "C:\Users\volch\Desktop\djangoFrameWork\project\.venv\Lib\site-packages\django\db\models\manager.py", line 87, in manager_method
    return getattr(self.get_queryset(), name)(*args, **kwargs)
           ^^^^^^^^^^^^^^^^^^^^^^^^^^^^^^^^^^^^^^^^^^^^^^^^^^^
  File "C:\Users\volch\Desktop\djangoFrameWork\project\.venv\Lib\site-packages\django\db\models\query.py", line 1476, in filter
    return self._filter_or_exclude(False, args, kwargs)
           ^^^^^^^^^^^^^^^^^^^^^^^^^^^^^^^^^^^^^^^^^^^^
  File "C:\Users\volch\Desktop\djangoFrameWork\project\.venv\Lib\site-packages\django\db\models\query.py", line 1494, in _filter_or_exclude
    clone._filter_or_exclude_inplace(negate, args, kwargs)
  File "C:\Users\volch\Desktop\djangoFrameWork\project\.venv\Lib\site-packages\django\db\models\query.py", line 1501, in _filter_or_exclude_inplace
    self._query.add_q(Q(*args, **kwargs))
  File "C:\Users\volch\Desktop\djangoFrameWork\project\.venv\Lib\site-packages\django\db\models\sql\query.py", line 1613, in add_q
    clause, _ = self._add_q(q_object, self.used_aliases)
                ^^^^^^^^^^^^^^^^^^^^^^^^^^^^^^^^^^^^^^^^
  File "C:\Users\volch\Desktop\djangoFrameWork\project\.venv\Lib\site-packages\django\db\models\sql\query.py", line 1645, in _add_q
    child_clause, needed_inner = self.build_filter(
                                 ^^^^^^^^^^^^^^^^^^
  File "C:\Users\volch\Desktop\djangoFrameWork\project\.venv\Lib\site-packages\django\db\models\sql\query.py", line 1559, in build_filter
    condition = self.build_lookup(lookups, col, value)
                ^^^^^^^^^^^^^^^^^^^^^^^^^^^^^^^^^^^^^^
  File "C:\Users\volch\Desktop\djangoFrameWork\project\.venv\Lib\site-packages\django\db\models\sql\query.py", line 1389, in build_lookup
    lookup = lookup_class(lhs, rhs)
             ^^^^^^^^^^^^^^^^^^^^^^
  File "C:\Users\volch\Desktop\djangoFrameWork\project\.venv\Lib\site-packages\django\db\models\lookups.py", line 30, in __init__
    self.rhs = self.get_prep_lookup()
               ^^^^^^^^^^^^^^^^^^^^^^
  File "C:\Users\volch\Desktop\djangoFrameWork\project\.venv\Lib\site-packages\django\db\models\fields\related_lookups.py", line 156, in get_prep_lookup
    self.rhs = target_field.get_prep_value(self.rhs)
               ^^^^^^^^^^^^^^^^^^^^^^^^^^^^^^^^^^^^^
  File "C:\Users\volch\Desktop\djangoFrameWork\project\.venv\Lib\site-packages\django\db\models\fields\__init__.py", line 2119, in get_prep_value
    raise e.__class__(
TypeError: Field 'id' expected a number but got <SimpleLazyObject: <django.contrib.auth.models.AnonymousUser object at 0x000001961F72CD90>>.
ERROR 2024-06-24 11:18:09,633 basehttp 5636 4036 "GET /hm3/product/ HTTP/1.1" 500 129303
INFO 2024-06-24 12:45:32,747 basehttp 5636 22336 "GET / HTTP/1.1" 200 310
ERROR 2024-06-24 12:49:30,211 log 5636 22336 Internal Server Error: /hm3/product/
Traceback (most recent call last):
  File "C:\Users\volch\Desktop\djangoFrameWork\project\.venv\Lib\site-packages\django\db\models\fields\__init__.py", line 2117, in get_prep_value
    return int(value)
           ^^^^^^^^^^
TypeError: int() argument must be a string, a bytes-like object or a real number, not 'SimpleLazyObject'

The above exception was the direct cause of the following exception:

Traceback (most recent call last):
  File "C:\Users\volch\Desktop\djangoFrameWork\project\.venv\Lib\site-packages\django\core\handlers\exception.py", line 55, in inner
    response = get_response(request)
               ^^^^^^^^^^^^^^^^^^^^^
  File "C:\Users\volch\Desktop\djangoFrameWork\project\.venv\Lib\site-packages\django\core\handlers\base.py", line 197, in _get_response
    response = wrapped_callback(request, *callback_args, **callback_kwargs)
               ^^^^^^^^^^^^^^^^^^^^^^^^^^^^^^^^^^^^^^^^^^^^^^^^^^^^^^^^^^^^
  File "C:\Users\volch\Desktop\djangoFrameWork\project\myproject\apphm3\views.py", line 14, in unique_ordered_products
    orders = Order.objects.filter(
             ^^^^^^^^^^^^^^^^^^^^^
  File "C:\Users\volch\Desktop\djangoFrameWork\project\.venv\Lib\site-packages\django\db\models\manager.py", line 87, in manager_method
    return getattr(self.get_queryset(), name)(*args, **kwargs)
           ^^^^^^^^^^^^^^^^^^^^^^^^^^^^^^^^^^^^^^^^^^^^^^^^^^^
  File "C:\Users\volch\Desktop\djangoFrameWork\project\.venv\Lib\site-packages\django\db\models\query.py", line 1476, in filter
    return self._filter_or_exclude(False, args, kwargs)
           ^^^^^^^^^^^^^^^^^^^^^^^^^^^^^^^^^^^^^^^^^^^^
  File "C:\Users\volch\Desktop\djangoFrameWork\project\.venv\Lib\site-packages\django\db\models\query.py", line 1494, in _filter_or_exclude
    clone._filter_or_exclude_inplace(negate, args, kwargs)
  File "C:\Users\volch\Desktop\djangoFrameWork\project\.venv\Lib\site-packages\django\db\models\query.py", line 1501, in _filter_or_exclude_inplace
    self._query.add_q(Q(*args, **kwargs))
  File "C:\Users\volch\Desktop\djangoFrameWork\project\.venv\Lib\site-packages\django\db\models\sql\query.py", line 1613, in add_q
    clause, _ = self._add_q(q_object, self.used_aliases)
                ^^^^^^^^^^^^^^^^^^^^^^^^^^^^^^^^^^^^^^^^
  File "C:\Users\volch\Desktop\djangoFrameWork\project\.venv\Lib\site-packages\django\db\models\sql\query.py", line 1645, in _add_q
    child_clause, needed_inner = self.build_filter(
                                 ^^^^^^^^^^^^^^^^^^
  File "C:\Users\volch\Desktop\djangoFrameWork\project\.venv\Lib\site-packages\django\db\models\sql\query.py", line 1559, in build_filter
    condition = self.build_lookup(lookups, col, value)
                ^^^^^^^^^^^^^^^^^^^^^^^^^^^^^^^^^^^^^^
  File "C:\Users\volch\Desktop\djangoFrameWork\project\.venv\Lib\site-packages\django\db\models\sql\query.py", line 1389, in build_lookup
    lookup = lookup_class(lhs, rhs)
             ^^^^^^^^^^^^^^^^^^^^^^
  File "C:\Users\volch\Desktop\djangoFrameWork\project\.venv\Lib\site-packages\django\db\models\lookups.py", line 30, in __init__
    self.rhs = self.get_prep_lookup()
               ^^^^^^^^^^^^^^^^^^^^^^
  File "C:\Users\volch\Desktop\djangoFrameWork\project\.venv\Lib\site-packages\django\db\models\fields\related_lookups.py", line 156, in get_prep_lookup
    self.rhs = target_field.get_prep_value(self.rhs)
               ^^^^^^^^^^^^^^^^^^^^^^^^^^^^^^^^^^^^^
  File "C:\Users\volch\Desktop\djangoFrameWork\project\.venv\Lib\site-packages\django\db\models\fields\__init__.py", line 2119, in get_prep_value
    raise e.__class__(
TypeError: Field 'id' expected a number but got <SimpleLazyObject: <django.contrib.auth.models.AnonymousUser object at 0x000001961F77BC90>>.
ERROR 2024-06-24 12:49:30,230 basehttp 5636 22336 "GET /hm3/product/ HTTP/1.1" 500 129315
WARNING 2024-06-24 12:49:37,153 log 5636 22336 Not Found: /hm3/
WARNING 2024-06-24 12:49:37,153 basehttp 5636 22336 "GET /hm3/ HTTP/1.1" 404 2595
INFO 2024-06-24 12:53:15,466 basehttp 5636 22336 "GET /les3/ HTTP/1.1" 200 175
INFO 2024-06-24 12:53:21,225 basehttp 5636 22336 "GET /les3/for/ HTTP/1.1" 200 934
WARNING 2024-06-24 12:55:06,051 log 5636 22336 Not Found: /hm3/unique_ordered_product
WARNING 2024-06-24 12:55:06,051 basehttp 5636 22336 "GET /hm3/unique_ordered_product HTTP/1.1" 404 2661
WARNING 2024-06-24 12:55:14,345 log 5636 22336 Not Found: /hm3/unique_ordered_products
WARNING 2024-06-24 12:55:14,345 basehttp 5636 22336 "GET /hm3/unique_ordered_products HTTP/1.1" 404 2664
WARNING 2024-06-24 12:55:41,520 log 5636 22336 Not Found: /hm3/product/unique_ordered_products
WARNING 2024-06-24 12:55:41,520 basehttp 5636 22336 "GET /hm3/product/unique_ordered_products HTTP/1.1" 404 2688
WARNING 2024-06-24 12:57:38,348 log 5636 22336 Not Found: /hm3/product/unique_ordered_products
WARNING 2024-06-24 12:57:38,348 basehttp 5636 22336 "GET /hm3/product/unique_ordered_products HTTP/1.1" 404 2688
WARNING 2024-06-24 12:57:39,024 log 5636 22336 Not Found: /hm3/product/unique_ordered_products
WARNING 2024-06-24 12:57:39,024 basehttp 5636 22336 "GET /hm3/product/unique_ordered_products HTTP/1.1" 404 2688
INFO 2024-06-24 12:57:49,800 autoreload 15292 20504 Watching for file changes with StatReloader
INFO 2024-06-24 12:57:53,152 basehttp 15292 14556 "GET / HTTP/1.1" 200 310
WARNING 2024-06-24 12:58:05,050 log 15292 14556 Not Found: /product
WARNING 2024-06-24 12:58:05,050 basehttp 15292 14556 "GET /product HTTP/1.1" 404 2517
WARNING 2024-06-24 12:58:12,729 log 15292 14556 Not Found: /hm3
WARNING 2024-06-24 12:58:12,730 basehttp 15292 14556 "GET /hm3 HTTP/1.1" 404 2505
ERROR 2024-06-24 12:58:21,478 log 15292 14556 Internal Server Error: /hm3/product/
Traceback (most recent call last):
  File "C:\Users\volch\Desktop\djangoFrameWork\project\.venv\Lib\site-packages\django\db\models\fields\__init__.py", line 2117, in get_prep_value
    return int(value)
           ^^^^^^^^^^
TypeError: int() argument must be a string, a bytes-like object or a real number, not 'SimpleLazyObject'

The above exception was the direct cause of the following exception:

Traceback (most recent call last):
  File "C:\Users\volch\Desktop\djangoFrameWork\project\.venv\Lib\site-packages\django\core\handlers\exception.py", line 55, in inner
    response = get_response(request)
               ^^^^^^^^^^^^^^^^^^^^^
  File "C:\Users\volch\Desktop\djangoFrameWork\project\.venv\Lib\site-packages\django\core\handlers\base.py", line 197, in _get_response
    response = wrapped_callback(request, *callback_args, **callback_kwargs)
               ^^^^^^^^^^^^^^^^^^^^^^^^^^^^^^^^^^^^^^^^^^^^^^^^^^^^^^^^^^^^
  File "C:\Users\volch\Desktop\djangoFrameWork\project\myproject\apphm3\views.py", line 14, in unique_ordered_products
    orders = Order.objects.filter(
             ^^^^^^^^^^^^^^^^^^^^^
  File "C:\Users\volch\Desktop\djangoFrameWork\project\.venv\Lib\site-packages\django\db\models\manager.py", line 87, in manager_method
    return getattr(self.get_queryset(), name)(*args, **kwargs)
           ^^^^^^^^^^^^^^^^^^^^^^^^^^^^^^^^^^^^^^^^^^^^^^^^^^^
  File "C:\Users\volch\Desktop\djangoFrameWork\project\.venv\Lib\site-packages\django\db\models\query.py", line 1476, in filter
    return self._filter_or_exclude(False, args, kwargs)
           ^^^^^^^^^^^^^^^^^^^^^^^^^^^^^^^^^^^^^^^^^^^^
  File "C:\Users\volch\Desktop\djangoFrameWork\project\.venv\Lib\site-packages\django\db\models\query.py", line 1494, in _filter_or_exclude
    clone._filter_or_exclude_inplace(negate, args, kwargs)
  File "C:\Users\volch\Desktop\djangoFrameWork\project\.venv\Lib\site-packages\django\db\models\query.py", line 1501, in _filter_or_exclude_inplace
    self._query.add_q(Q(*args, **kwargs))
  File "C:\Users\volch\Desktop\djangoFrameWork\project\.venv\Lib\site-packages\django\db\models\sql\query.py", line 1613, in add_q
    clause, _ = self._add_q(q_object, self.used_aliases)
                ^^^^^^^^^^^^^^^^^^^^^^^^^^^^^^^^^^^^^^^^
  File "C:\Users\volch\Desktop\djangoFrameWork\project\.venv\Lib\site-packages\django\db\models\sql\query.py", line 1645, in _add_q
    child_clause, needed_inner = self.build_filter(
                                 ^^^^^^^^^^^^^^^^^^
  File "C:\Users\volch\Desktop\djangoFrameWork\project\.venv\Lib\site-packages\django\db\models\sql\query.py", line 1559, in build_filter
    condition = self.build_lookup(lookups, col, value)
                ^^^^^^^^^^^^^^^^^^^^^^^^^^^^^^^^^^^^^^
  File "C:\Users\volch\Desktop\djangoFrameWork\project\.venv\Lib\site-packages\django\db\models\sql\query.py", line 1389, in build_lookup
    lookup = lookup_class(lhs, rhs)
             ^^^^^^^^^^^^^^^^^^^^^^
  File "C:\Users\volch\Desktop\djangoFrameWork\project\.venv\Lib\site-packages\django\db\models\lookups.py", line 30, in __init__
    self.rhs = self.get_prep_lookup()
               ^^^^^^^^^^^^^^^^^^^^^^
  File "C:\Users\volch\Desktop\djangoFrameWork\project\.venv\Lib\site-packages\django\db\models\fields\related_lookups.py", line 156, in get_prep_lookup
    self.rhs = target_field.get_prep_value(self.rhs)
               ^^^^^^^^^^^^^^^^^^^^^^^^^^^^^^^^^^^^^
  File "C:\Users\volch\Desktop\djangoFrameWork\project\.venv\Lib\site-packages\django\db\models\fields\__init__.py", line 2119, in get_prep_value
    raise e.__class__(
TypeError: Field 'id' expected a number but got <SimpleLazyObject: <django.contrib.auth.models.AnonymousUser object at 0x000001ED4177BC90>>.
ERROR 2024-06-24 12:58:21,504 basehttp 15292 14556 "GET /hm3/product/ HTTP/1.1" 500 129315
ERROR 2024-06-24 13:00:38,260 log 15292 14556 Internal Server Error: /hm3/product/
Traceback (most recent call last):
  File "C:\Users\volch\Desktop\djangoFrameWork\project\.venv\Lib\site-packages\django\db\models\fields\__init__.py", line 2117, in get_prep_value
    return int(value)
           ^^^^^^^^^^
TypeError: int() argument must be a string, a bytes-like object or a real number, not 'SimpleLazyObject'

The above exception was the direct cause of the following exception:

Traceback (most recent call last):
  File "C:\Users\volch\Desktop\djangoFrameWork\project\.venv\Lib\site-packages\django\core\handlers\exception.py", line 55, in inner
    response = get_response(request)
               ^^^^^^^^^^^^^^^^^^^^^
  File "C:\Users\volch\Desktop\djangoFrameWork\project\.venv\Lib\site-packages\django\core\handlers\base.py", line 197, in _get_response
    response = wrapped_callback(request, *callback_args, **callback_kwargs)
               ^^^^^^^^^^^^^^^^^^^^^^^^^^^^^^^^^^^^^^^^^^^^^^^^^^^^^^^^^^^^
  File "C:\Users\volch\Desktop\djangoFrameWork\project\myproject\apphm3\views.py", line 14, in unique_ordered_products
    orders = Order.objects.filter(
             ^^^^^^^^^^^^^^^^^^^^^
  File "C:\Users\volch\Desktop\djangoFrameWork\project\.venv\Lib\site-packages\django\db\models\manager.py", line 87, in manager_method
    return getattr(self.get_queryset(), name)(*args, **kwargs)
           ^^^^^^^^^^^^^^^^^^^^^^^^^^^^^^^^^^^^^^^^^^^^^^^^^^^
  File "C:\Users\volch\Desktop\djangoFrameWork\project\.venv\Lib\site-packages\django\db\models\query.py", line 1476, in filter
    return self._filter_or_exclude(False, args, kwargs)
           ^^^^^^^^^^^^^^^^^^^^^^^^^^^^^^^^^^^^^^^^^^^^
  File "C:\Users\volch\Desktop\djangoFrameWork\project\.venv\Lib\site-packages\django\db\models\query.py", line 1494, in _filter_or_exclude
    clone._filter_or_exclude_inplace(negate, args, kwargs)
  File "C:\Users\volch\Desktop\djangoFrameWork\project\.venv\Lib\site-packages\django\db\models\query.py", line 1501, in _filter_or_exclude_inplace
    self._query.add_q(Q(*args, **kwargs))
  File "C:\Users\volch\Desktop\djangoFrameWork\project\.venv\Lib\site-packages\django\db\models\sql\query.py", line 1613, in add_q
    clause, _ = self._add_q(q_object, self.used_aliases)
                ^^^^^^^^^^^^^^^^^^^^^^^^^^^^^^^^^^^^^^^^
  File "C:\Users\volch\Desktop\djangoFrameWork\project\.venv\Lib\site-packages\django\db\models\sql\query.py", line 1645, in _add_q
    child_clause, needed_inner = self.build_filter(
                                 ^^^^^^^^^^^^^^^^^^
  File "C:\Users\volch\Desktop\djangoFrameWork\project\.venv\Lib\site-packages\django\db\models\sql\query.py", line 1559, in build_filter
    condition = self.build_lookup(lookups, col, value)
                ^^^^^^^^^^^^^^^^^^^^^^^^^^^^^^^^^^^^^^
  File "C:\Users\volch\Desktop\djangoFrameWork\project\.venv\Lib\site-packages\django\db\models\sql\query.py", line 1389, in build_lookup
    lookup = lookup_class(lhs, rhs)
             ^^^^^^^^^^^^^^^^^^^^^^
  File "C:\Users\volch\Desktop\djangoFrameWork\project\.venv\Lib\site-packages\django\db\models\lookups.py", line 30, in __init__
    self.rhs = self.get_prep_lookup()
               ^^^^^^^^^^^^^^^^^^^^^^
  File "C:\Users\volch\Desktop\djangoFrameWork\project\.venv\Lib\site-packages\django\db\models\fields\related_lookups.py", line 156, in get_prep_lookup
    self.rhs = target_field.get_prep_value(self.rhs)
               ^^^^^^^^^^^^^^^^^^^^^^^^^^^^^^^^^^^^^
  File "C:\Users\volch\Desktop\djangoFrameWork\project\.venv\Lib\site-packages\django\db\models\fields\__init__.py", line 2119, in get_prep_value
    raise e.__class__(
TypeError: Field 'id' expected a number but got <SimpleLazyObject: <django.contrib.auth.models.AnonymousUser object at 0x000001ED41683C90>>.
ERROR 2024-06-24 13:00:38,269 basehttp 15292 14556 "GET /hm3/product/ HTTP/1.1" 500 129452
ERROR 2024-06-24 13:00:38,991 log 15292 14556 Internal Server Error: /hm3/product/
Traceback (most recent call last):
  File "C:\Users\volch\Desktop\djangoFrameWork\project\.venv\Lib\site-packages\django\db\models\fields\__init__.py", line 2117, in get_prep_value
    return int(value)
           ^^^^^^^^^^
TypeError: int() argument must be a string, a bytes-like object or a real number, not 'SimpleLazyObject'

The above exception was the direct cause of the following exception:

Traceback (most recent call last):
  File "C:\Users\volch\Desktop\djangoFrameWork\project\.venv\Lib\site-packages\django\core\handlers\exception.py", line 55, in inner
    response = get_response(request)
               ^^^^^^^^^^^^^^^^^^^^^
  File "C:\Users\volch\Desktop\djangoFrameWork\project\.venv\Lib\site-packages\django\core\handlers\base.py", line 197, in _get_response
    response = wrapped_callback(request, *callback_args, **callback_kwargs)
               ^^^^^^^^^^^^^^^^^^^^^^^^^^^^^^^^^^^^^^^^^^^^^^^^^^^^^^^^^^^^
  File "C:\Users\volch\Desktop\djangoFrameWork\project\myproject\apphm3\views.py", line 14, in unique_ordered_products
    orders = Order.objects.filter(
             ^^^^^^^^^^^^^^^^^^^^^
  File "C:\Users\volch\Desktop\djangoFrameWork\project\.venv\Lib\site-packages\django\db\models\manager.py", line 87, in manager_method
    return getattr(self.get_queryset(), name)(*args, **kwargs)
           ^^^^^^^^^^^^^^^^^^^^^^^^^^^^^^^^^^^^^^^^^^^^^^^^^^^
  File "C:\Users\volch\Desktop\djangoFrameWork\project\.venv\Lib\site-packages\django\db\models\query.py", line 1476, in filter
    return self._filter_or_exclude(False, args, kwargs)
           ^^^^^^^^^^^^^^^^^^^^^^^^^^^^^^^^^^^^^^^^^^^^
  File "C:\Users\volch\Desktop\djangoFrameWork\project\.venv\Lib\site-packages\django\db\models\query.py", line 1494, in _filter_or_exclude
    clone._filter_or_exclude_inplace(negate, args, kwargs)
  File "C:\Users\volch\Desktop\djangoFrameWork\project\.venv\Lib\site-packages\django\db\models\query.py", line 1501, in _filter_or_exclude_inplace
    self._query.add_q(Q(*args, **kwargs))
  File "C:\Users\volch\Desktop\djangoFrameWork\project\.venv\Lib\site-packages\django\db\models\sql\query.py", line 1613, in add_q
    clause, _ = self._add_q(q_object, self.used_aliases)
                ^^^^^^^^^^^^^^^^^^^^^^^^^^^^^^^^^^^^^^^^
  File "C:\Users\volch\Desktop\djangoFrameWork\project\.venv\Lib\site-packages\django\db\models\sql\query.py", line 1645, in _add_q
    child_clause, needed_inner = self.build_filter(
                                 ^^^^^^^^^^^^^^^^^^
  File "C:\Users\volch\Desktop\djangoFrameWork\project\.venv\Lib\site-packages\django\db\models\sql\query.py", line 1559, in build_filter
    condition = self.build_lookup(lookups, col, value)
                ^^^^^^^^^^^^^^^^^^^^^^^^^^^^^^^^^^^^^^
  File "C:\Users\volch\Desktop\djangoFrameWork\project\.venv\Lib\site-packages\django\db\models\sql\query.py", line 1389, in build_lookup
    lookup = lookup_class(lhs, rhs)
             ^^^^^^^^^^^^^^^^^^^^^^
  File "C:\Users\volch\Desktop\djangoFrameWork\project\.venv\Lib\site-packages\django\db\models\lookups.py", line 30, in __init__
    self.rhs = self.get_prep_lookup()
               ^^^^^^^^^^^^^^^^^^^^^^
  File "C:\Users\volch\Desktop\djangoFrameWork\project\.venv\Lib\site-packages\django\db\models\fields\related_lookups.py", line 156, in get_prep_lookup
    self.rhs = target_field.get_prep_value(self.rhs)
               ^^^^^^^^^^^^^^^^^^^^^^^^^^^^^^^^^^^^^
  File "C:\Users\volch\Desktop\djangoFrameWork\project\.venv\Lib\site-packages\django\db\models\fields\__init__.py", line 2119, in get_prep_value
    raise e.__class__(
TypeError: Field 'id' expected a number but got <SimpleLazyObject: <django.contrib.auth.models.AnonymousUser object at 0x000001ED418675D0>>.
ERROR 2024-06-24 13:00:39,002 basehttp 15292 14556 "GET /hm3/product/ HTTP/1.1" 500 129452
WARNING 2024-06-24 13:00:42,661 log 15292 14556 Not Found: /hm3/
WARNING 2024-06-24 13:00:42,661 basehttp 15292 14556 "GET /hm3/ HTTP/1.1" 404 2595
INFO 2024-06-24 13:03:00,679 autoreload 15292 20504 C:\Users\volch\Desktop\djangoFrameWork\project\myproject\apphm3\views.py changed, reloading.
INFO 2024-06-24 13:03:01,247 autoreload 17236 8388 Watching for file changes with StatReloader
INFO 2024-06-24 13:03:02,692 autoreload 17236 8388 C:\Users\volch\Desktop\djangoFrameWork\project\myproject\apphm3\views.py changed, reloading.
INFO 2024-06-24 13:03:03,232 autoreload 22676 19724 Watching for file changes with StatReloader
INFO 2024-06-24 13:03:17,952 autoreload 22676 19724 C:\Users\volch\Desktop\djangoFrameWork\project\myproject\apphm3\urls.py changed, reloading.
INFO 2024-06-24 13:03:18,488 autoreload 7120 21640 Watching for file changes with StatReloader
INFO 2024-06-24 13:03:27,046 autoreload 7120 21640 C:\Users\volch\Desktop\djangoFrameWork\project\myproject\apphm3\urls.py changed, reloading.
INFO 2024-06-24 13:03:27,579 autoreload 14568 6808 Watching for file changes with StatReloader
INFO 2024-06-24 13:03:31,016 autoreload 14568 6808 C:\Users\volch\Desktop\djangoFrameWork\project\myproject\apphm3\urls.py changed, reloading.
INFO 2024-06-24 13:03:31,549 autoreload 26396 5636 Watching for file changes with StatReloader
INFO 2024-06-24 13:04:28,450 basehttp 26396 24384 "GET / HTTP/1.1" 200 310
WARNING 2024-06-24 13:04:43,531 log 26396 24384 Not Found: /hm3
WARNING 2024-06-24 13:04:43,532 basehttp 26396 24384 "GET /hm3 HTTP/1.1" 404 2505
ERROR 2024-06-24 13:05:04,843 log 26396 24384 Internal Server Error: /hm3/product/
Traceback (most recent call last):
  File "C:\Users\volch\Desktop\djangoFrameWork\project\.venv\Lib\site-packages\django\db\models\fields\__init__.py", line 2117, in get_prep_value
    return int(value)
           ^^^^^^^^^^
TypeError: int() argument must be a string, a bytes-like object or a real number, not 'SimpleLazyObject'

The above exception was the direct cause of the following exception:

Traceback (most recent call last):
  File "C:\Users\volch\Desktop\djangoFrameWork\project\.venv\Lib\site-packages\django\core\handlers\exception.py", line 55, in inner
    response = get_response(request)
               ^^^^^^^^^^^^^^^^^^^^^
  File "C:\Users\volch\Desktop\djangoFrameWork\project\.venv\Lib\site-packages\django\core\handlers\base.py", line 197, in _get_response
    response = wrapped_callback(request, *callback_args, **callback_kwargs)
               ^^^^^^^^^^^^^^^^^^^^^^^^^^^^^^^^^^^^^^^^^^^^^^^^^^^^^^^^^^^^
  File "C:\Users\volch\Desktop\djangoFrameWork\project\myproject\apphm3\views.py", line 14, in view_products
    orders = Order.objects.filter(
             ^^^^^^^^^^^^^^^^^^^^^
  File "C:\Users\volch\Desktop\djangoFrameWork\project\.venv\Lib\site-packages\django\db\models\manager.py", line 87, in manager_method
    return getattr(self.get_queryset(), name)(*args, **kwargs)
           ^^^^^^^^^^^^^^^^^^^^^^^^^^^^^^^^^^^^^^^^^^^^^^^^^^^
  File "C:\Users\volch\Desktop\djangoFrameWork\project\.venv\Lib\site-packages\django\db\models\query.py", line 1476, in filter
    return self._filter_or_exclude(False, args, kwargs)
           ^^^^^^^^^^^^^^^^^^^^^^^^^^^^^^^^^^^^^^^^^^^^
  File "C:\Users\volch\Desktop\djangoFrameWork\project\.venv\Lib\site-packages\django\db\models\query.py", line 1494, in _filter_or_exclude
    clone._filter_or_exclude_inplace(negate, args, kwargs)
  File "C:\Users\volch\Desktop\djangoFrameWork\project\.venv\Lib\site-packages\django\db\models\query.py", line 1501, in _filter_or_exclude_inplace
    self._query.add_q(Q(*args, **kwargs))
  File "C:\Users\volch\Desktop\djangoFrameWork\project\.venv\Lib\site-packages\django\db\models\sql\query.py", line 1613, in add_q
    clause, _ = self._add_q(q_object, self.used_aliases)
                ^^^^^^^^^^^^^^^^^^^^^^^^^^^^^^^^^^^^^^^^
  File "C:\Users\volch\Desktop\djangoFrameWork\project\.venv\Lib\site-packages\django\db\models\sql\query.py", line 1645, in _add_q
    child_clause, needed_inner = self.build_filter(
                                 ^^^^^^^^^^^^^^^^^^
  File "C:\Users\volch\Desktop\djangoFrameWork\project\.venv\Lib\site-packages\django\db\models\sql\query.py", line 1559, in build_filter
    condition = self.build_lookup(lookups, col, value)
                ^^^^^^^^^^^^^^^^^^^^^^^^^^^^^^^^^^^^^^
  File "C:\Users\volch\Desktop\djangoFrameWork\project\.venv\Lib\site-packages\django\db\models\sql\query.py", line 1389, in build_lookup
    lookup = lookup_class(lhs, rhs)
             ^^^^^^^^^^^^^^^^^^^^^^
  File "C:\Users\volch\Desktop\djangoFrameWork\project\.venv\Lib\site-packages\django\db\models\lookups.py", line 30, in __init__
    self.rhs = self.get_prep_lookup()
               ^^^^^^^^^^^^^^^^^^^^^^
  File "C:\Users\volch\Desktop\djangoFrameWork\project\.venv\Lib\site-packages\django\db\models\fields\related_lookups.py", line 156, in get_prep_lookup
    self.rhs = target_field.get_prep_value(self.rhs)
               ^^^^^^^^^^^^^^^^^^^^^^^^^^^^^^^^^^^^^
  File "C:\Users\volch\Desktop\djangoFrameWork\project\.venv\Lib\site-packages\django\db\models\fields\__init__.py", line 2119, in get_prep_value
    raise e.__class__(
TypeError: Field 'id' expected a number but got <SimpleLazyObject: <django.contrib.auth.models.AnonymousUser object at 0x000002304AD63C90>>.
ERROR 2024-06-24 13:05:04,851 basehttp 26396 24384 "GET /hm3/product/ HTTP/1.1" 500 129253
INFO 2024-06-24 13:06:23,906 autoreload 26396 5636 C:\Users\volch\Desktop\djangoFrameWork\project\myproject\myproject\urls.py changed, reloading.
INFO 2024-06-24 13:06:24,465 autoreload 13292 25468 Watching for file changes with StatReloader
INFO 2024-06-24 13:06:28,911 autoreload 13292 25468 C:\Users\volch\Desktop\djangoFrameWork\project\myproject\myproject\urls.py changed, reloading.
INFO 2024-06-24 13:06:29,431 autoreload 24292 24980 Watching for file changes with StatReloader
INFO 2024-06-24 13:06:36,426 basehttp 24292 23408 "GET /les3/ HTTP/1.1" 200 175
INFO 2024-06-24 13:06:42,446 basehttp 24292 23408 "GET /les3/product HTTP/1.1" 301 0
ERROR 2024-06-24 13:06:42,490 log 24292 10548 Internal Server Error: /les3/product/
Traceback (most recent call last):
  File "C:\Users\volch\Desktop\djangoFrameWork\project\.venv\Lib\site-packages\django\db\models\fields\__init__.py", line 2117, in get_prep_value
    return int(value)
           ^^^^^^^^^^
TypeError: int() argument must be a string, a bytes-like object or a real number, not 'SimpleLazyObject'

The above exception was the direct cause of the following exception:

Traceback (most recent call last):
  File "C:\Users\volch\Desktop\djangoFrameWork\project\.venv\Lib\site-packages\django\core\handlers\exception.py", line 55, in inner
    response = get_response(request)
               ^^^^^^^^^^^^^^^^^^^^^
  File "C:\Users\volch\Desktop\djangoFrameWork\project\.venv\Lib\site-packages\django\core\handlers\base.py", line 197, in _get_response
    response = wrapped_callback(request, *callback_args, **callback_kwargs)
               ^^^^^^^^^^^^^^^^^^^^^^^^^^^^^^^^^^^^^^^^^^^^^^^^^^^^^^^^^^^^
  File "C:\Users\volch\Desktop\djangoFrameWork\project\myproject\apphm3\views.py", line 14, in view_products
    orders = Order.objects.filter(
             ^^^^^^^^^^^^^^^^^^^^^
  File "C:\Users\volch\Desktop\djangoFrameWork\project\.venv\Lib\site-packages\django\db\models\manager.py", line 87, in manager_method
    return getattr(self.get_queryset(), name)(*args, **kwargs)
           ^^^^^^^^^^^^^^^^^^^^^^^^^^^^^^^^^^^^^^^^^^^^^^^^^^^
  File "C:\Users\volch\Desktop\djangoFrameWork\project\.venv\Lib\site-packages\django\db\models\query.py", line 1476, in filter
    return self._filter_or_exclude(False, args, kwargs)
           ^^^^^^^^^^^^^^^^^^^^^^^^^^^^^^^^^^^^^^^^^^^^
  File "C:\Users\volch\Desktop\djangoFrameWork\project\.venv\Lib\site-packages\django\db\models\query.py", line 1494, in _filter_or_exclude
    clone._filter_or_exclude_inplace(negate, args, kwargs)
  File "C:\Users\volch\Desktop\djangoFrameWork\project\.venv\Lib\site-packages\django\db\models\query.py", line 1501, in _filter_or_exclude_inplace
    self._query.add_q(Q(*args, **kwargs))
  File "C:\Users\volch\Desktop\djangoFrameWork\project\.venv\Lib\site-packages\django\db\models\sql\query.py", line 1613, in add_q
    clause, _ = self._add_q(q_object, self.used_aliases)
                ^^^^^^^^^^^^^^^^^^^^^^^^^^^^^^^^^^^^^^^^
  File "C:\Users\volch\Desktop\djangoFrameWork\project\.venv\Lib\site-packages\django\db\models\sql\query.py", line 1645, in _add_q
    child_clause, needed_inner = self.build_filter(
                                 ^^^^^^^^^^^^^^^^^^
  File "C:\Users\volch\Desktop\djangoFrameWork\project\.venv\Lib\site-packages\django\db\models\sql\query.py", line 1559, in build_filter
    condition = self.build_lookup(lookups, col, value)
                ^^^^^^^^^^^^^^^^^^^^^^^^^^^^^^^^^^^^^^
  File "C:\Users\volch\Desktop\djangoFrameWork\project\.venv\Lib\site-packages\django\db\models\sql\query.py", line 1389, in build_lookup
    lookup = lookup_class(lhs, rhs)
             ^^^^^^^^^^^^^^^^^^^^^^
  File "C:\Users\volch\Desktop\djangoFrameWork\project\.venv\Lib\site-packages\django\db\models\lookups.py", line 30, in __init__
    self.rhs = self.get_prep_lookup()
               ^^^^^^^^^^^^^^^^^^^^^^
  File "C:\Users\volch\Desktop\djangoFrameWork\project\.venv\Lib\site-packages\django\db\models\fields\related_lookups.py", line 156, in get_prep_lookup
    self.rhs = target_field.get_prep_value(self.rhs)
               ^^^^^^^^^^^^^^^^^^^^^^^^^^^^^^^^^^^^^
  File "C:\Users\volch\Desktop\djangoFrameWork\project\.venv\Lib\site-packages\django\db\models\fields\__init__.py", line 2119, in get_prep_value
    raise e.__class__(
TypeError: Field 'id' expected a number but got <SimpleLazyObject: <django.contrib.auth.models.AnonymousUser object at 0x000001FE7E653210>>.
ERROR 2024-06-24 13:06:42,498 basehttp 24292 10548 "GET /les3/product/ HTTP/1.1" 500 129275
INFO 2024-06-24 13:09:44,675 autoreload 24292 24980 C:\Users\volch\Desktop\djangoFrameWork\project\myproject\apphm3\views.py changed, reloading.
INFO 2024-06-24 13:09:45,247 autoreload 8616 5304 Watching for file changes with StatReloader
INFO 2024-06-24 13:15:30,814 autoreload 8616 5304 C:\Users\volch\Desktop\djangoFrameWork\project\myproject\apphm3\urls.py changed, reloading.
INFO 2024-06-24 13:15:31,364 autoreload 2108 4808 Watching for file changes with StatReloader
INFO 2024-06-24 13:15:34,797 autoreload 2108 4808 C:\Users\volch\Desktop\djangoFrameWork\project\myproject\apphm3\urls.py changed, reloading.
INFO 2024-06-24 13:15:35,295 autoreload 26116 1692 Watching for file changes with StatReloader
INFO 2024-06-24 13:15:39,744 autoreload 26116 1692 C:\Users\volch\Desktop\djangoFrameWork\project\myproject\apphm3\urls.py changed, reloading.
INFO 2024-06-24 13:15:40,241 autoreload 6332 12892 Watching for file changes with StatReloader
INFO 2024-06-24 13:16:03,311 autoreload 25444 17236 Watching for file changes with StatReloader
ERROR 2024-06-24 13:16:03,600 log 25444 2136 Internal Server Error: /les3/product/
Traceback (most recent call last):
  File "C:\Users\volch\Desktop\djangoFrameWork\project\.venv\Lib\site-packages\django\db\models\fields\__init__.py", line 2117, in get_prep_value
    return int(value)
           ^^^^^^^^^^
TypeError: int() argument must be a string, a bytes-like object or a real number, not 'SimpleLazyObject'

The above exception was the direct cause of the following exception:

Traceback (most recent call last):
  File "C:\Users\volch\Desktop\djangoFrameWork\project\.venv\Lib\site-packages\django\core\handlers\exception.py", line 55, in inner
    response = get_response(request)
               ^^^^^^^^^^^^^^^^^^^^^
  File "C:\Users\volch\Desktop\djangoFrameWork\project\.venv\Lib\site-packages\django\core\handlers\base.py", line 197, in _get_response
    response = wrapped_callback(request, *callback_args, **callback_kwargs)
               ^^^^^^^^^^^^^^^^^^^^^^^^^^^^^^^^^^^^^^^^^^^^^^^^^^^^^^^^^^^^
  File "C:\Users\volch\Desktop\djangoFrameWork\project\myproject\apphm3\views.py", line 8, in unique_ordered_products
    products_week = (Order.objects.filter(customer=request.user, created_at__gte=today - timedelta(days=7))
                     ^^^^^^^^^^^^^^^^^^^^^^^^^^^^^^^^^^^^^^^^^^^^^^^^^^^^^^^^^^^^^^^^^^^^^^^^^^^^^^^^^^^^^^
  File "C:\Users\volch\Desktop\djangoFrameWork\project\.venv\Lib\site-packages\django\db\models\manager.py", line 87, in manager_method
    return getattr(self.get_queryset(), name)(*args, **kwargs)
           ^^^^^^^^^^^^^^^^^^^^^^^^^^^^^^^^^^^^^^^^^^^^^^^^^^^
  File "C:\Users\volch\Desktop\djangoFrameWork\project\.venv\Lib\site-packages\django\db\models\query.py", line 1476, in filter
    return self._filter_or_exclude(False, args, kwargs)
           ^^^^^^^^^^^^^^^^^^^^^^^^^^^^^^^^^^^^^^^^^^^^
  File "C:\Users\volch\Desktop\djangoFrameWork\project\.venv\Lib\site-packages\django\db\models\query.py", line 1494, in _filter_or_exclude
    clone._filter_or_exclude_inplace(negate, args, kwargs)
  File "C:\Users\volch\Desktop\djangoFrameWork\project\.venv\Lib\site-packages\django\db\models\query.py", line 1501, in _filter_or_exclude_inplace
    self._query.add_q(Q(*args, **kwargs))
  File "C:\Users\volch\Desktop\djangoFrameWork\project\.venv\Lib\site-packages\django\db\models\sql\query.py", line 1613, in add_q
    clause, _ = self._add_q(q_object, self.used_aliases)
                ^^^^^^^^^^^^^^^^^^^^^^^^^^^^^^^^^^^^^^^^
  File "C:\Users\volch\Desktop\djangoFrameWork\project\.venv\Lib\site-packages\django\db\models\sql\query.py", line 1645, in _add_q
    child_clause, needed_inner = self.build_filter(
                                 ^^^^^^^^^^^^^^^^^^
  File "C:\Users\volch\Desktop\djangoFrameWork\project\.venv\Lib\site-packages\django\db\models\sql\query.py", line 1559, in build_filter
    condition = self.build_lookup(lookups, col, value)
                ^^^^^^^^^^^^^^^^^^^^^^^^^^^^^^^^^^^^^^
  File "C:\Users\volch\Desktop\djangoFrameWork\project\.venv\Lib\site-packages\django\db\models\sql\query.py", line 1389, in build_lookup
    lookup = lookup_class(lhs, rhs)
             ^^^^^^^^^^^^^^^^^^^^^^
  File "C:\Users\volch\Desktop\djangoFrameWork\project\.venv\Lib\site-packages\django\db\models\lookups.py", line 30, in __init__
    self.rhs = self.get_prep_lookup()
               ^^^^^^^^^^^^^^^^^^^^^^
  File "C:\Users\volch\Desktop\djangoFrameWork\project\.venv\Lib\site-packages\django\db\models\fields\related_lookups.py", line 156, in get_prep_lookup
    self.rhs = target_field.get_prep_value(self.rhs)
               ^^^^^^^^^^^^^^^^^^^^^^^^^^^^^^^^^^^^^
  File "C:\Users\volch\Desktop\djangoFrameWork\project\.venv\Lib\site-packages\django\db\models\fields\__init__.py", line 2119, in get_prep_value
    raise e.__class__(
TypeError: Field 'id' expected a number but got <SimpleLazyObject: <django.contrib.auth.models.AnonymousUser object at 0x000002BD1A7EBC90>>.
ERROR 2024-06-24 13:16:03,609 basehttp 25444 2136 "GET /les3/product/ HTTP/1.1" 500 129515
INFO 2024-06-24 13:21:16,360 autoreload 25120 18784 Watching for file changes with StatReloader
INFO 2024-06-24 13:21:19,456 basehttp 25120 5312 "GET / HTTP/1.1" 200 310
ERROR 2024-06-24 13:21:33,048 log 25120 5312 Internal Server Error: /les3/product/
Traceback (most recent call last):
  File "C:\Users\volch\Desktop\djangoFrameWork\project\.venv\Lib\site-packages\django\db\models\fields\__init__.py", line 2117, in get_prep_value
    return int(value)
           ^^^^^^^^^^
TypeError: int() argument must be a string, a bytes-like object or a real number, not 'SimpleLazyObject'

The above exception was the direct cause of the following exception:

Traceback (most recent call last):
  File "C:\Users\volch\Desktop\djangoFrameWork\project\.venv\Lib\site-packages\django\core\handlers\exception.py", line 55, in inner
    response = get_response(request)
               ^^^^^^^^^^^^^^^^^^^^^
  File "C:\Users\volch\Desktop\djangoFrameWork\project\.venv\Lib\site-packages\django\core\handlers\base.py", line 197, in _get_response
    response = wrapped_callback(request, *callback_args, **callback_kwargs)
               ^^^^^^^^^^^^^^^^^^^^^^^^^^^^^^^^^^^^^^^^^^^^^^^^^^^^^^^^^^^^
  File "C:\Users\volch\Desktop\djangoFrameWork\project\myproject\apphm3\views.py", line 8, in unique_ordered_products
    products_week = (Order.objects.filter(customer=request.user, created_at__gte=today - timedelta(days=7))
                     ^^^^^^^^^^^^^^^^^^^^^^^^^^^^^^^^^^^^^^^^^^^^^^^^^^^^^^^^^^^^^^^^^^^^^^^^^^^^^^^^^^^^^^
  File "C:\Users\volch\Desktop\djangoFrameWork\project\.venv\Lib\site-packages\django\db\models\manager.py", line 87, in manager_method
    return getattr(self.get_queryset(), name)(*args, **kwargs)
           ^^^^^^^^^^^^^^^^^^^^^^^^^^^^^^^^^^^^^^^^^^^^^^^^^^^
  File "C:\Users\volch\Desktop\djangoFrameWork\project\.venv\Lib\site-packages\django\db\models\query.py", line 1476, in filter
    return self._filter_or_exclude(False, args, kwargs)
           ^^^^^^^^^^^^^^^^^^^^^^^^^^^^^^^^^^^^^^^^^^^^
  File "C:\Users\volch\Desktop\djangoFrameWork\project\.venv\Lib\site-packages\django\db\models\query.py", line 1494, in _filter_or_exclude
    clone._filter_or_exclude_inplace(negate, args, kwargs)
  File "C:\Users\volch\Desktop\djangoFrameWork\project\.venv\Lib\site-packages\django\db\models\query.py", line 1501, in _filter_or_exclude_inplace
    self._query.add_q(Q(*args, **kwargs))
  File "C:\Users\volch\Desktop\djangoFrameWork\project\.venv\Lib\site-packages\django\db\models\sql\query.py", line 1613, in add_q
    clause, _ = self._add_q(q_object, self.used_aliases)
                ^^^^^^^^^^^^^^^^^^^^^^^^^^^^^^^^^^^^^^^^
  File "C:\Users\volch\Desktop\djangoFrameWork\project\.venv\Lib\site-packages\django\db\models\sql\query.py", line 1645, in _add_q
    child_clause, needed_inner = self.build_filter(
                                 ^^^^^^^^^^^^^^^^^^
  File "C:\Users\volch\Desktop\djangoFrameWork\project\.venv\Lib\site-packages\django\db\models\sql\query.py", line 1559, in build_filter
    condition = self.build_lookup(lookups, col, value)
                ^^^^^^^^^^^^^^^^^^^^^^^^^^^^^^^^^^^^^^
  File "C:\Users\volch\Desktop\djangoFrameWork\project\.venv\Lib\site-packages\django\db\models\sql\query.py", line 1389, in build_lookup
    lookup = lookup_class(lhs, rhs)
             ^^^^^^^^^^^^^^^^^^^^^^
  File "C:\Users\volch\Desktop\djangoFrameWork\project\.venv\Lib\site-packages\django\db\models\lookups.py", line 30, in __init__
    self.rhs = self.get_prep_lookup()
               ^^^^^^^^^^^^^^^^^^^^^^
  File "C:\Users\volch\Desktop\djangoFrameWork\project\.venv\Lib\site-packages\django\db\models\fields\related_lookups.py", line 156, in get_prep_lookup
    self.rhs = target_field.get_prep_value(self.rhs)
               ^^^^^^^^^^^^^^^^^^^^^^^^^^^^^^^^^^^^^
  File "C:\Users\volch\Desktop\djangoFrameWork\project\.venv\Lib\site-packages\django\db\models\fields\__init__.py", line 2119, in get_prep_value
    raise e.__class__(
TypeError: Field 'id' expected a number but got <SimpleLazyObject: <django.contrib.auth.models.AnonymousUser object at 0x0000026CE1AE3990>>.
ERROR 2024-06-24 13:21:33,056 basehttp 25120 5312 "GET /les3/product/ HTTP/1.1" 500 129297
ERROR 2024-06-24 13:22:22,366 log 25120 5312 Internal Server Error: /les3/product/
Traceback (most recent call last):
  File "C:\Users\volch\Desktop\djangoFrameWork\project\.venv\Lib\site-packages\django\db\models\fields\__init__.py", line 2117, in get_prep_value
    return int(value)
           ^^^^^^^^^^
TypeError: int() argument must be a string, a bytes-like object or a real number, not 'SimpleLazyObject'

The above exception was the direct cause of the following exception:

Traceback (most recent call last):
  File "C:\Users\volch\Desktop\djangoFrameWork\project\.venv\Lib\site-packages\django\core\handlers\exception.py", line 55, in inner
    response = get_response(request)
               ^^^^^^^^^^^^^^^^^^^^^
  File "C:\Users\volch\Desktop\djangoFrameWork\project\.venv\Lib\site-packages\django\core\handlers\base.py", line 197, in _get_response
    response = wrapped_callback(request, *callback_args, **callback_kwargs)
               ^^^^^^^^^^^^^^^^^^^^^^^^^^^^^^^^^^^^^^^^^^^^^^^^^^^^^^^^^^^^
  File "C:\Users\volch\Desktop\djangoFrameWork\project\myproject\apphm3\views.py", line 8, in unique_ordered_products
    products_week = (Order.objects.filter(customer=request.user, created_at__gte=today - timedelta(days=7))
                     ^^^^^^^^^^^^^^^^^^^^^^^^^^^^^^^^^^^^^^^^^^^^^^^^^^^^^^^^^^^^^^^^^^^^^^^^^^^^^^^^^^^^^^
  File "C:\Users\volch\Desktop\djangoFrameWork\project\.venv\Lib\site-packages\django\db\models\manager.py", line 87, in manager_method
    return getattr(self.get_queryset(), name)(*args, **kwargs)
           ^^^^^^^^^^^^^^^^^^^^^^^^^^^^^^^^^^^^^^^^^^^^^^^^^^^
  File "C:\Users\volch\Desktop\djangoFrameWork\project\.venv\Lib\site-packages\django\db\models\query.py", line 1476, in filter
    return self._filter_or_exclude(False, args, kwargs)
           ^^^^^^^^^^^^^^^^^^^^^^^^^^^^^^^^^^^^^^^^^^^^
  File "C:\Users\volch\Desktop\djangoFrameWork\project\.venv\Lib\site-packages\django\db\models\query.py", line 1494, in _filter_or_exclude
    clone._filter_or_exclude_inplace(negate, args, kwargs)
  File "C:\Users\volch\Desktop\djangoFrameWork\project\.venv\Lib\site-packages\django\db\models\query.py", line 1501, in _filter_or_exclude_inplace
    self._query.add_q(Q(*args, **kwargs))
  File "C:\Users\volch\Desktop\djangoFrameWork\project\.venv\Lib\site-packages\django\db\models\sql\query.py", line 1613, in add_q
    clause, _ = self._add_q(q_object, self.used_aliases)
                ^^^^^^^^^^^^^^^^^^^^^^^^^^^^^^^^^^^^^^^^
  File "C:\Users\volch\Desktop\djangoFrameWork\project\.venv\Lib\site-packages\django\db\models\sql\query.py", line 1645, in _add_q
    child_clause, needed_inner = self.build_filter(
                                 ^^^^^^^^^^^^^^^^^^
  File "C:\Users\volch\Desktop\djangoFrameWork\project\.venv\Lib\site-packages\django\db\models\sql\query.py", line 1559, in build_filter
    condition = self.build_lookup(lookups, col, value)
                ^^^^^^^^^^^^^^^^^^^^^^^^^^^^^^^^^^^^^^
  File "C:\Users\volch\Desktop\djangoFrameWork\project\.venv\Lib\site-packages\django\db\models\sql\query.py", line 1389, in build_lookup
    lookup = lookup_class(lhs, rhs)
             ^^^^^^^^^^^^^^^^^^^^^^
  File "C:\Users\volch\Desktop\djangoFrameWork\project\.venv\Lib\site-packages\django\db\models\lookups.py", line 30, in __init__
    self.rhs = self.get_prep_lookup()
               ^^^^^^^^^^^^^^^^^^^^^^
  File "C:\Users\volch\Desktop\djangoFrameWork\project\.venv\Lib\site-packages\django\db\models\fields\related_lookups.py", line 156, in get_prep_lookup
    self.rhs = target_field.get_prep_value(self.rhs)
               ^^^^^^^^^^^^^^^^^^^^^^^^^^^^^^^^^^^^^
  File "C:\Users\volch\Desktop\djangoFrameWork\project\.venv\Lib\site-packages\django\db\models\fields\__init__.py", line 2119, in get_prep_value
    raise e.__class__(
TypeError: Field 'id' expected a number but got <SimpleLazyObject: <django.contrib.auth.models.AnonymousUser object at 0x0000026CE1CA7090>>.
ERROR 2024-06-24 13:22:22,371 basehttp 25120 5312 "GET /les3/product/ HTTP/1.1" 500 129461
INFO 2024-06-24 13:22:29,042 basehttp 25120 5312 "GET /les3/ HTTP/1.1" 200 175
INFO 2024-06-24 13:22:39,141 basehttp 25120 5312 "GET /les3/for/ HTTP/1.1" 200 934
INFO 2024-06-24 13:25:52,828 autoreload 25120 18784 C:\Users\volch\Desktop\djangoFrameWork\project\myproject\apphm3\models.py changed, reloading.
INFO 2024-06-24 13:25:53,386 autoreload 11800 18960 Watching for file changes with StatReloader
INFO 2024-06-24 13:26:02,841 autoreload 11800 18960 C:\Users\volch\Desktop\djangoFrameWork\project\myproject\apphm3\models.py changed, reloading.
INFO 2024-06-24 13:26:03,370 autoreload 652 5660 Watching for file changes with StatReloader
INFO 2024-06-24 13:26:15,817 basehttp 652 16240 "GET /les3/for/ HTTP/1.1" 200 934
ERROR 2024-06-24 13:26:20,746 log 652 16240 Internal Server Error: /les3/product/
Traceback (most recent call last):
  File "C:\Users\volch\Desktop\djangoFrameWork\project\.venv\Lib\site-packages\django\core\handlers\exception.py", line 55, in inner
    response = get_response(request)
               ^^^^^^^^^^^^^^^^^^^^^
  File "C:\Users\volch\Desktop\djangoFrameWork\project\.venv\Lib\site-packages\django\core\handlers\base.py", line 197, in _get_response
    response = wrapped_callback(request, *callback_args, **callback_kwargs)
               ^^^^^^^^^^^^^^^^^^^^^^^^^^^^^^^^^^^^^^^^^^^^^^^^^^^^^^^^^^^^
  File "C:\Users\volch\Desktop\djangoFrameWork\project\myproject\apphm3\views.py", line 8, in unique_ordered_products
    products_week = (Order.objects.filter(customer=request.user, created_at__gte=today - timedelta(days=7))
                     ^^^^^^^^^^^^^^^^^^^^^^^^^^^^^^^^^^^^^^^^^^^^^^^^^^^^^^^^^^^^^^^^^^^^^^^^^^^^^^^^^^^^^^
  File "C:\Users\volch\Desktop\djangoFrameWork\project\.venv\Lib\site-packages\django\db\models\manager.py", line 87, in manager_method
    return getattr(self.get_queryset(), name)(*args, **kwargs)
           ^^^^^^^^^^^^^^^^^^^^^^^^^^^^^^^^^^^^^^^^^^^^^^^^^^^
  File "C:\Users\volch\Desktop\djangoFrameWork\project\.venv\Lib\site-packages\django\db\models\query.py", line 1476, in filter
    return self._filter_or_exclude(False, args, kwargs)
           ^^^^^^^^^^^^^^^^^^^^^^^^^^^^^^^^^^^^^^^^^^^^
  File "C:\Users\volch\Desktop\djangoFrameWork\project\.venv\Lib\site-packages\django\db\models\query.py", line 1494, in _filter_or_exclude
    clone._filter_or_exclude_inplace(negate, args, kwargs)
  File "C:\Users\volch\Desktop\djangoFrameWork\project\.venv\Lib\site-packages\django\db\models\query.py", line 1501, in _filter_or_exclude_inplace
    self._query.add_q(Q(*args, **kwargs))
  File "C:\Users\volch\Desktop\djangoFrameWork\project\.venv\Lib\site-packages\django\db\models\sql\query.py", line 1613, in add_q
    clause, _ = self._add_q(q_object, self.used_aliases)
                ^^^^^^^^^^^^^^^^^^^^^^^^^^^^^^^^^^^^^^^^
  File "C:\Users\volch\Desktop\djangoFrameWork\project\.venv\Lib\site-packages\django\db\models\sql\query.py", line 1645, in _add_q
    child_clause, needed_inner = self.build_filter(
                                 ^^^^^^^^^^^^^^^^^^
  File "C:\Users\volch\Desktop\djangoFrameWork\project\.venv\Lib\site-packages\django\db\models\sql\query.py", line 1495, in build_filter
    lookups, parts, reffed_expression = self.solve_lookup_type(arg, summarize)
                                        ^^^^^^^^^^^^^^^^^^^^^^^^^^^^^^^^^^^^^^
  File "C:\Users\volch\Desktop\djangoFrameWork\project\.venv\Lib\site-packages\django\db\models\sql\query.py", line 1307, in solve_lookup_type
    _, field, _, lookup_parts = self.names_to_path(lookup_splitted, self.get_meta())
                                ^^^^^^^^^^^^^^^^^^^^^^^^^^^^^^^^^^^^^^^^^^^^^^^^^^^^
  File "C:\Users\volch\Desktop\djangoFrameWork\project\.venv\Lib\site-packages\django\db\models\sql\query.py", line 1772, in names_to_path
    raise FieldError(
django.core.exceptions.FieldError: Cannot resolve keyword 'created_at' into field. Choices are: client, client_id, id, order_date, products, total_amount
ERROR 2024-06-24 13:26:20,753 basehttp 652 16240 "GET /les3/product/ HTTP/1.1" 500 113957
INFO 2024-06-24 13:45:33,722 autoreload 24936 11888 Watching for file changes with StatReloader
INFO 2024-06-24 13:45:36,574 basehttp 24936 14584 "GET / HTTP/1.1" 200 310
ERROR 2024-06-24 13:45:41,929 log 24936 14584 Internal Server Error: /hm3/
Traceback (most recent call last):
  File "C:\Users\volch\Desktop\djangoFrameWork\project\.venv\Lib\site-packages\django\core\handlers\exception.py", line 55, in inner
    response = get_response(request)
               ^^^^^^^^^^^^^^^^^^^^^
  File "C:\Users\volch\Desktop\djangoFrameWork\project\.venv\Lib\site-packages\django\core\handlers\base.py", line 197, in _get_response
    response = wrapped_callback(request, *callback_args, **callback_kwargs)
               ^^^^^^^^^^^^^^^^^^^^^^^^^^^^^^^^^^^^^^^^^^^^^^^^^^^^^^^^^^^^
  File "C:\Users\volch\Desktop\djangoFrameWork\project\myproject\apphm3\views.py", line 19, in ht03
    return render(request, 'ht03app/ht03.html')
           ^^^^^^^^^^^^^^^^^^^^^^^^^^^^^^^^^^^^
  File "C:\Users\volch\Desktop\djangoFrameWork\project\.venv\Lib\site-packages\django\shortcuts.py", line 25, in render
    content = loader.render_to_string(template_name, context, request, using=using)
              ^^^^^^^^^^^^^^^^^^^^^^^^^^^^^^^^^^^^^^^^^^^^^^^^^^^^^^^^^^^^^^^^^^^^^
  File "C:\Users\volch\Desktop\djangoFrameWork\project\.venv\Lib\site-packages\django\template\loader.py", line 61, in render_to_string
    template = get_template(template_name, using=using)
               ^^^^^^^^^^^^^^^^^^^^^^^^^^^^^^^^^^^^^^^^
  File "C:\Users\volch\Desktop\djangoFrameWork\project\.venv\Lib\site-packages\django\template\loader.py", line 19, in get_template
    raise TemplateDoesNotExist(template_name, chain=chain)
django.template.exceptions.TemplateDoesNotExist: ht03app/ht03.html
ERROR 2024-06-24 13:45:41,934 basehttp 24936 14584 "GET /hm3/ HTTP/1.1" 500 83096
INFO 2024-06-24 13:47:32,655 autoreload 24936 11888 C:\Users\volch\Desktop\djangoFrameWork\project\myproject\myproject\urls.py changed, reloading.
INFO 2024-06-24 13:47:33,195 autoreload 24844 26384 Watching for file changes with StatReloader
INFO 2024-06-24 13:47:35,671 autoreload 24844 26384 C:\Users\volch\Desktop\djangoFrameWork\project\myproject\myproject\urls.py changed, reloading.
INFO 2024-06-24 13:47:36,176 autoreload 5752 21172 Watching for file changes with StatReloader
WARNING 2024-06-24 13:49:50,522 log 5752 15888 Not Found: /index
WARNING 2024-06-24 13:49:50,523 basehttp 5752 15888 "GET /index HTTP/1.1" 404 2525
WARNING 2024-06-24 13:51:15,775 log 5752 15888 Not Found: /hm3/index
WARNING 2024-06-24 13:51:15,775 basehttp 5752 15888 "GET /hm3/index HTTP/1.1" 404 3959
ERROR 2024-06-24 13:51:39,421 log 5752 15888 Internal Server Error: /hm3/products/3
Traceback (most recent call last):
  File "C:\Users\volch\Desktop\djangoFrameWork\project\.venv\Lib\site-packages\django\db\backends\utils.py", line 105, in _execute
    return self.cursor.execute(sql, params)
           ^^^^^^^^^^^^^^^^^^^^^^^^^^^^^^^^
  File "C:\Users\volch\Desktop\djangoFrameWork\project\.venv\Lib\site-packages\django\db\backends\sqlite3\base.py", line 329, in execute
    return super().execute(query, params)
           ^^^^^^^^^^^^^^^^^^^^^^^^^^^^^^
sqlite3.OperationalError: no such column: apphm3_product.title

The above exception was the direct cause of the following exception:

Traceback (most recent call last):
  File "C:\Users\volch\Desktop\djangoFrameWork\project\.venv\Lib\site-packages\django\core\handlers\exception.py", line 55, in inner
    response = get_response(request)
               ^^^^^^^^^^^^^^^^^^^^^
  File "C:\Users\volch\Desktop\djangoFrameWork\project\.venv\Lib\site-packages\django\core\handlers\base.py", line 197, in _get_response
    response = wrapped_callback(request, *callback_args, **callback_kwargs)
               ^^^^^^^^^^^^^^^^^^^^^^^^^^^^^^^^^^^^^^^^^^^^^^^^^^^^^^^^^^^^
  File "C:\Users\volch\Desktop\djangoFrameWork\project\myproject\apphm3\views.py", line 70, in product_by_id
    product = get_object_or_404(Product, pk=product_id)
              ^^^^^^^^^^^^^^^^^^^^^^^^^^^^^^^^^^^^^^^^^
  File "C:\Users\volch\Desktop\djangoFrameWork\project\.venv\Lib\site-packages\django\shortcuts.py", line 86, in get_object_or_404
    return queryset.get(*args, **kwargs)
           ^^^^^^^^^^^^^^^^^^^^^^^^^^^^^
  File "C:\Users\volch\Desktop\djangoFrameWork\project\.venv\Lib\site-packages\django\db\models\query.py", line 645, in get
    num = len(clone)
          ^^^^^^^^^^
  File "C:\Users\volch\Desktop\djangoFrameWork\project\.venv\Lib\site-packages\django\db\models\query.py", line 382, in __len__
    self._fetch_all()
  File "C:\Users\volch\Desktop\djangoFrameWork\project\.venv\Lib\site-packages\django\db\models\query.py", line 1928, in _fetch_all
    self._result_cache = list(self._iterable_class(self))
                         ^^^^^^^^^^^^^^^^^^^^^^^^^^^^^^^^
  File "C:\Users\volch\Desktop\djangoFrameWork\project\.venv\Lib\site-packages\django\db\models\query.py", line 91, in __iter__
    results = compiler.execute_sql(
              ^^^^^^^^^^^^^^^^^^^^^
  File "C:\Users\volch\Desktop\djangoFrameWork\project\.venv\Lib\site-packages\django\db\models\sql\compiler.py", line 1562, in execute_sql
    cursor.execute(sql, params)
  File "C:\Users\volch\Desktop\djangoFrameWork\project\.venv\Lib\site-packages\django\db\backends\utils.py", line 122, in execute
    return super().execute(sql, params)
           ^^^^^^^^^^^^^^^^^^^^^^^^^^^^
  File "C:\Users\volch\Desktop\djangoFrameWork\project\.venv\Lib\site-packages\django\db\backends\utils.py", line 79, in execute
    return self._execute_with_wrappers(
           ^^^^^^^^^^^^^^^^^^^^^^^^^^^^
  File "C:\Users\volch\Desktop\djangoFrameWork\project\.venv\Lib\site-packages\django\db\backends\utils.py", line 92, in _execute_with_wrappers
    return executor(sql, params, many, context)
           ^^^^^^^^^^^^^^^^^^^^^^^^^^^^^^^^^^^^
  File "C:\Users\volch\Desktop\djangoFrameWork\project\.venv\Lib\site-packages\django\db\backends\utils.py", line 100, in _execute
    with self.db.wrap_database_errors:
  File "C:\Users\volch\Desktop\djangoFrameWork\project\.venv\Lib\site-packages\django\db\utils.py", line 91, in __exit__
    raise dj_exc_value.with_traceback(traceback) from exc_value
  File "C:\Users\volch\Desktop\djangoFrameWork\project\.venv\Lib\site-packages\django\db\backends\utils.py", line 105, in _execute
    return self.cursor.execute(sql, params)
           ^^^^^^^^^^^^^^^^^^^^^^^^^^^^^^^^
  File "C:\Users\volch\Desktop\djangoFrameWork\project\.venv\Lib\site-packages\django\db\backends\sqlite3\base.py", line 329, in execute
    return super().execute(query, params)
           ^^^^^^^^^^^^^^^^^^^^^^^^^^^^^^
django.db.utils.OperationalError: no such column: apphm3_product.title
ERROR 2024-06-24 13:51:39,432 basehttp 5752 15888 "GET /hm3/products/3 HTTP/1.1" 500 138912
WARNING 2024-06-24 13:51:45,136 log 5752 15888 Not Found: /hm3/products/3/
WARNING 2024-06-24 13:51:45,136 basehttp 5752 15888 "GET /hm3/products/3/ HTTP/1.1" 404 3977
INFO 2024-06-24 20:13:24,378 autoreload 18412 6120 Watching for file changes with StatReloader
INFO 2024-06-24 20:13:27,808 basehttp 18412 11652 "GET / HTTP/1.1" 200 310
WARNING 2024-06-24 20:13:27,891 log 18412 11652 Not Found: /favicon.ico
WARNING 2024-06-24 20:13:27,892 basehttp 18412 11652 "GET /favicon.ico HTTP/1.1" 404 2648
WARNING 2024-06-24 20:13:33,874 log 18412 11652 Not Found: /hm
WARNING 2024-06-24 20:13:33,875 basehttp 18412 11652 "GET /hm HTTP/1.1" 404 2621
ERROR 2024-06-24 20:13:40,429 log 18412 11652 Internal Server Error: /hm3/
Traceback (most recent call last):
  File "C:\Users\volch\Desktop\djangoFrameWork\project\.venv\Lib\site-packages\django\core\handlers\exception.py", line 55, in inner
    response = get_response(request)
               ^^^^^^^^^^^^^^^^^^^^^
  File "C:\Users\volch\Desktop\djangoFrameWork\project\.venv\Lib\site-packages\django\core\handlers\base.py", line 197, in _get_response
    response = wrapped_callback(request, *callback_args, **callback_kwargs)
               ^^^^^^^^^^^^^^^^^^^^^^^^^^^^^^^^^^^^^^^^^^^^^^^^^^^^^^^^^^^^
  File "C:\Users\volch\Desktop\djangoFrameWork\project\myproject\apphm3\views.py", line 19, in ht03
    return render(request, 'apphm3/ht03.html')
           ^^^^^^^^^^^^^^^^^^^^^^^^^^^^^^^^^^^
  File "C:\Users\volch\Desktop\djangoFrameWork\project\.venv\Lib\site-packages\django\shortcuts.py", line 25, in render
    content = loader.render_to_string(template_name, context, request, using=using)
              ^^^^^^^^^^^^^^^^^^^^^^^^^^^^^^^^^^^^^^^^^^^^^^^^^^^^^^^^^^^^^^^^^^^^^
  File "C:\Users\volch\Desktop\djangoFrameWork\project\.venv\Lib\site-packages\django\template\loader.py", line 61, in render_to_string
    template = get_template(template_name, using=using)
               ^^^^^^^^^^^^^^^^^^^^^^^^^^^^^^^^^^^^^^^^
  File "C:\Users\volch\Desktop\djangoFrameWork\project\.venv\Lib\site-packages\django\template\loader.py", line 19, in get_template
    raise TemplateDoesNotExist(template_name, chain=chain)
django.template.exceptions.TemplateDoesNotExist: apphm3/ht03.html
ERROR 2024-06-24 20:13:40,434 basehttp 18412 11652 "GET /hm3/ HTTP/1.1" 500 83513
ERROR 2024-06-24 20:15:52,246 log 18412 11652 Internal Server Error: /hm3/
Traceback (most recent call last):
  File "C:\Users\volch\Desktop\djangoFrameWork\project\.venv\Lib\site-packages\django\core\handlers\exception.py", line 55, in inner
    response = get_response(request)
               ^^^^^^^^^^^^^^^^^^^^^
  File "C:\Users\volch\Desktop\djangoFrameWork\project\.venv\Lib\site-packages\django\core\handlers\base.py", line 197, in _get_response
    response = wrapped_callback(request, *callback_args, **callback_kwargs)
               ^^^^^^^^^^^^^^^^^^^^^^^^^^^^^^^^^^^^^^^^^^^^^^^^^^^^^^^^^^^^
  File "C:\Users\volch\Desktop\djangoFrameWork\project\myproject\apphm3\views.py", line 19, in ht03
    return render(request, 'apphm3/ht03.html')
           ^^^^^^^^^^^^^^^^^^^^^^^^^^^^^^^^^^^
  File "C:\Users\volch\Desktop\djangoFrameWork\project\.venv\Lib\site-packages\django\shortcuts.py", line 25, in render
    content = loader.render_to_string(template_name, context, request, using=using)
              ^^^^^^^^^^^^^^^^^^^^^^^^^^^^^^^^^^^^^^^^^^^^^^^^^^^^^^^^^^^^^^^^^^^^^
  File "C:\Users\volch\Desktop\djangoFrameWork\project\.venv\Lib\site-packages\django\template\loader.py", line 61, in render_to_string
    template = get_template(template_name, using=using)
               ^^^^^^^^^^^^^^^^^^^^^^^^^^^^^^^^^^^^^^^^
  File "C:\Users\volch\Desktop\djangoFrameWork\project\.venv\Lib\site-packages\django\template\loader.py", line 19, in get_template
    raise TemplateDoesNotExist(template_name, chain=chain)
django.template.exceptions.TemplateDoesNotExist: apphm3/ht03.html
ERROR 2024-06-24 20:15:52,251 basehttp 18412 11652 "GET /hm3/ HTTP/1.1" 500 83650
